#
# There is insufficient memory for the Java Runtime Environment to continue.
# Native memory allocation (mmap) failed to map 277872640 bytes for G1 virtual space
# Possible reasons:
#   The system is out of physical RAM or swap space
#   The process is running with CompressedOops enabled, and the Java Heap may be blocking the growth of the native heap
# Possible solutions:
#   Reduce memory load on the system
#   Increase physical memory or swap space
#   Check if swap backing store is full
#   Decrease Java heap size (-Xmx/-Xms)
#   Decrease number of Java threads
#   Decrease Java thread stack sizes (-Xss)
#   Set larger code cache with -XX:ReservedCodeCacheSize=
#   JVM is running with Unscaled Compressed Oops mode in which the Java heap is
#     placed in the first 4GB address space. The Java Heap base address is the
#     maximum limit for the native heap growth. Please use -XX:HeapBaseMinAddress
#     to set the Java Heap base and to place the Java Heap above 4GB virtual address.
# This output file may be truncated or incomplete.
#
#  Out of Memory Error (os_windows.cpp:3603), pid=16488, tid=28284
#
# JRE version: Java(TM) SE Runtime Environment (21.0.8+12) (build 21.0.8+12-LTS-250)
# Java VM: Java HotSpot(TM) 64-Bit Server VM (21.0.8+12-LTS-250, mixed mode, emulated-client, sharing, tiered, compressed oops, compressed class ptrs, g1 gc, windows-amd64)
# No core dump will be written. Minidumps are not enabled by default on client versions of Windows
#

---------------  S U M M A R Y ------------

Command Line: -XX:TieredStopAtLevel=1 com.example.demo.PostServiceApplication

Host: 12th Gen Intel(R) Core(TM) i5-1235U, 12 cores, 7G,  Windows 11 , 64 bit Build 26100 (10.0.26100.8737)
Time: Tue Jul 14 11:50:58 2026 India Standard Time elapsed time: 2805.282799 seconds (0d 0h 46m 45s)

---------------  T H R E A D  ---------------

Current thread (0x000001d175c0a8a0):  VMThread "VM Thread"          [id=28284, stack(0x000000bdc5700000,0x000000bdc5800000) (1024K)]

Stack: [0x000000bdc5700000,0x000000bdc5800000]
Native frames: (J=compiled Java code, j=interpreted, Vv=VM code, C=native code)
V  [jvm.dll+0x6cc179]
V  [jvm.dll+0x8584c1]
V  [jvm.dll+0x85a9ee]
V  [jvm.dll+0x85b0c3]
V  [jvm.dll+0x27ebf6]
V  [jvm.dll+0x6c88f5]
V  [jvm.dll+0x6bd45a]
V  [jvm.dll+0x354b1a]
V  [jvm.dll+0x35c796]
V  [jvm.dll+0x3af85e]
V  [jvm.dll+0x3afb08]
V  [jvm.dll+0x328e2c]
V  [jvm.dll+0x328eb7]
V  [jvm.dll+0x36d7dc]
V  [jvm.dll+0x36c02e]
V  [jvm.dll+0x3285f1]
V  [jvm.dll+0x36b74a]
V  [jvm.dll+0x860e90]
V  [jvm.dll+0x862214]
V  [jvm.dll+0x862750]
V  [jvm.dll+0x8629f3]
V  [jvm.dll+0x80279b]
V  [jvm.dll+0x6ca85d]
C  [ucrtbase.dll+0x2cd30]
C  [KERNEL32.DLL+0x2e957]
C  [ntdll.dll+0xaad6c]

VM_Operation (0x000000bdc4ef9cf0): G1CollectForAllocation, mode: safepoint, requested by thread 0x000001d17d57e870


---------------  P R O C E S S  ---------------

Threads class SMR info:
_java_thread_list=0x000001d17f345020, length=20, elements={
0x000001d175c212b0, 0x000001d175c25d10, 0x000001d175c26ac0, 0x000001d175c29520,
0x000001d175c2a0a0, 0x000001d175c2add0, 0x000001d175c2eba0, 0x000001d17a178bd0,
0x000001d17a182c50, 0x000001d17cc29d50, 0x000001d17d57ce30, 0x000001d17d54a810,
0x000001d17f515f60, 0x000001d17d57e870, 0x000001d17d57c7a0, 0x000001d17d57d4c0,
0x000001d17d57db50, 0x000001d17d57ba80, 0x000001d17d57e1e0, 0x000001d17d57b3f0
}

Java Threads: ( => current thread )
  0x000001d175c212b0 JavaThread "Reference Handler"          daemon [_thread_blocked, id=21600, stack(0x000000bdc5800000,0x000000bdc5900000) (1024K)]
  0x000001d175c25d10 JavaThread "Finalizer"                  daemon [_thread_blocked, id=31384, stack(0x000000bdc5900000,0x000000bdc5a00000) (1024K)]
  0x000001d175c26ac0 JavaThread "Signal Dispatcher"          daemon [_thread_blocked, id=21188, stack(0x000000bdc5a00000,0x000000bdc5b00000) (1024K)]
  0x000001d175c29520 JavaThread "Attach Listener"            daemon [_thread_blocked, id=9628, stack(0x000000bdc5b00000,0x000000bdc5c00000) (1024K)]
  0x000001d175c2a0a0 JavaThread "Service Thread"             daemon [_thread_blocked, id=25368, stack(0x000000bdc5c00000,0x000000bdc5d00000) (1024K)]
  0x000001d175c2add0 JavaThread "Monitor Deflation Thread"   daemon [_thread_blocked, id=476, stack(0x000000bdc5d00000,0x000000bdc5e00000) (1024K)]
  0x000001d175c2eba0 JavaThread "C1 CompilerThread0"         daemon [_thread_blocked, id=15108, stack(0x000000bdc5e00000,0x000000bdc5f00000) (1024K)]
  0x000001d17a178bd0 JavaThread "Notification Thread"        daemon [_thread_blocked, id=9004, stack(0x000000bdc6000000,0x000000bdc6100000) (1024K)]
  0x000001d17a182c50 JavaThread "Common-Cleaner"             daemon [_thread_blocked, id=11896, stack(0x000000bdc6100000,0x000000bdc6200000) (1024K)]
  0x000001d17cc29d50 JavaThread "mysql-cj-abandoned-connection-cleanup" daemon [_thread_blocked, id=1632, stack(0x000000bdc7500000,0x000000bdc7600000) (1024K)]
  0x000001d17d57ce30 JavaThread "spectator-gauge-polling-0"  daemon [_thread_blocked, id=2576, stack(0x000000bdc7900000,0x000000bdc7a00000) (1024K)]
  0x000001d17d54a810 JavaThread "DestroyJavaVM"                     [_thread_blocked, id=4636, stack(0x000000bdc5000000,0x000000bdc5100000) (1024K)]
  0x000001d17f515f60 JavaThread "Thread-16"                         [_thread_blocked, id=5232, stack(0x000000bdc7200000,0x000000bdc7300000) (1024K)]
  0x000001d17d57e870 JavaThread "restartedMain"                     [_thread_blocked, id=30928, stack(0x000000bdc4e00000,0x000000bdc4f00000) (1024K)]
  0x000001d17d57c7a0 JavaThread "Catalina-utility-1"                [_thread_blocked, id=19940, stack(0x000000bdc4d00000,0x000000bdc4e00000) (1024K)]
  0x000001d17d57d4c0 JavaThread "Catalina-utility-2"                [_thread_blocked, id=17428, stack(0x000000bdc5f00000,0x000000bdc6000000) (1024K)]
  0x000001d17d57db50 JavaThread "container-0"                       [_thread_blocked, id=28796, stack(0x000000bdc6800000,0x000000bdc6900000) (1024K)]
  0x000001d17d57ba80 JavaThread "lettuce-timer-10-1"         daemon [_thread_blocked, id=20700, stack(0x000000bdc6900000,0x000000bdc6a00000) (1024K)]
  0x000001d17d57e1e0 JavaThread "HikariPool-4:housekeeper"   daemon [_thread_blocked, id=30864, stack(0x000000bdc6a00000,0x000000bdc6b00000) (1024K)]
  0x000001d17d57b3f0 JavaThread "spring.cloud.inetutils"     daemon [_thread_in_native, id=13000, stack(0x000000bdc7000000,0x000000bdc7100000) (1024K)]
Total: 20

Other Threads:
=>0x000001d175c0a8a0 VMThread "VM Thread"                           [id=28284, stack(0x000000bdc5700000,0x000000bdc5800000) (1024K)]
  0x000001d175bf5ca0 WatcherThread "VM Periodic Task Thread"        [id=1076, stack(0x000000bdc5600000,0x000000bdc5700000) (1024K)]
  0x000001d16514ca70 WorkerThread "GC Thread#0"                     [id=23748, stack(0x000000bdc5100000,0x000000bdc5200000) (1024K)]
  0x000001d17ab86dd0 WorkerThread "GC Thread#1"                     [id=10788, stack(0x000000bdc6200000,0x000000bdc6300000) (1024K)]
  0x000001d17ab89040 WorkerThread "GC Thread#2"                     [id=26780, stack(0x000000bdc6300000,0x000000bdc6400000) (1024K)]
  0x000001d17ac49580 WorkerThread "GC Thread#3"                     [id=28192, stack(0x000000bdc6400000,0x000000bdc6500000) (1024K)]
  0x000001d17ad41e20 WorkerThread "GC Thread#4"                     [id=7848, stack(0x000000bdc6500000,0x000000bdc6600000) (1024K)]
  0x000001d17ad421c0 WorkerThread "GC Thread#5"                     [id=31048, stack(0x000000bdc6600000,0x000000bdc6700000) (1024K)]
  0x000001d17ad42560 WorkerThread "GC Thread#6"                     [id=9656, stack(0x000000bdc6700000,0x000000bdc6800000) (1024K)]
  0x000001d17af54710 WorkerThread "GC Thread#7"                     [id=19376, stack(0x000000bdc6c00000,0x000000bdc6d00000) (1024K)]
  0x000001d17af54ab0 WorkerThread "GC Thread#8"                     [id=27792, stack(0x000000bdc6d00000,0x000000bdc6e00000) (1024K)]
  0x000001d17af55cd0 WorkerThread "GC Thread#9"                     [id=17048, stack(0x000000bdc6e00000,0x000000bdc6f00000) (1024K)]
  0x000001d16515f7b0 ConcurrentGCThread "G1 Main Marker"            [id=18208, stack(0x000000bdc5200000,0x000000bdc5300000) (1024K)]
  0x000001d1651601b0 WorkerThread "G1 Conc#0"                       [id=27844, stack(0x000000bdc5300000,0x000000bdc5400000) (1024K)]
  0x000001d17af551f0 WorkerThread "G1 Conc#1"                       [id=28984, stack(0x000000bdc6b00000,0x000000bdc6c00000) (1024K)]
  0x000001d17af55590 WorkerThread "G1 Conc#2"                       [id=25004, stack(0x000000bdc6f00000,0x000000bdc7000000) (1024K)]
  0x000001d175abc2b0 ConcurrentGCThread "G1 Refine#0"               [id=14300, stack(0x000000bdc5400000,0x000000bdc5500000) (1024K)]
  0x000001d175abcc30 ConcurrentGCThread "G1 Service"                [id=25500, stack(0x000000bdc5500000,0x000000bdc5600000) (1024K)]
Total: 18

Threads with active compile tasks:
Total: 0

VM state: at safepoint (normal execution)

VM Mutex/Monitor currently owned by a thread:  ([mutex/lock_event])
[0x00007fff6de50e50] Threads_lock - owner thread: 0x000001d175c0a8a0
[0x00007fff6de50f50] Heap_lock - owner thread: 0x000001d17d57e870

Heap address: 0x0000000084e00000, size: 1970 MB, Compressed Oops mode: 32-bit

CDS archive(s) mapped at: [0x000001d100000000-0x000001d100c90000-0x000001d100c90000), size 13172736, SharedBaseAddress: 0x000001d100000000, ArchiveRelocationMode: 1.
Compressed class space mapped at: 0x000001d101000000-0x000001d141000000, reserved size: 1073741824
Narrow klass base: 0x000001d100000000, Narrow klass shift: 0, Narrow klass range: 0x100000000

GC Precious Log:
 CardTable entry size: 512
 Card Set container configuration: InlinePtr #cards 5 size 8 Array Of Cards #cards 12 size 40 Howl #buckets 4 coarsen threshold 1843 Howl Bitmap #cards 512 size 80 coarsen threshold 460 Card regions per heap region 1 cards per card region 2048
 CPUs: 12 total, 12 available
 Memory: 7876M
 Large Page Support: Disabled
 NUMA Support: Disabled
 Compressed Oops: Enabled (32-bit)
 Heap Region Size: 1M
 Heap Min Capacity: 8M
 Heap Initial Capacity: 124M
 Heap Max Capacity: 1970M
 Pre-touch: Disabled
 Parallel Workers: 10
 Concurrent Workers: 3
 Concurrent Refinement Workers: 10
 Periodic GC: Disabled

Heap:
 garbage-first heap   total 195584K, used 73591K [0x0000000084e00000, 0x0000000100000000)
  region size 1024K, 8 young (8192K), 8 survivors (8192K)
 Metaspace       used 126277K, committed 127360K, reserved 1179648K
  class space    used 17649K, committed 18176K, reserved 1048576K

Heap Regions: E=young(eden), S=young(survivor), O=old, HS=humongous(starts), HC=humongous(continues), CS=collection set, F=free, TAMS=top-at-mark-start, PB=parsable bottom
|   0|0x0000000084e00000, 0x0000000084f00000, 0x0000000084f00000|100%|HS|  |TAMS 0x0000000084f00000| PB 0x0000000084e00000| Complete 
|   1|0x0000000084f00000, 0x0000000085000000, 0x0000000085000000|100%|HS|  |TAMS 0x0000000085000000| PB 0x0000000084f00000| Complete 
|   2|0x0000000085000000, 0x0000000085100000, 0x0000000085100000|100%|HS|  |TAMS 0x0000000085100000| PB 0x0000000085000000| Complete 
|   3|0x0000000085100000, 0x00000000851fffe8, 0x0000000085200000| 99%| O|  |TAMS 0x00000000851fffe8| PB 0x0000000085100000| Untracked 
|   4|0x0000000085200000, 0x00000000852ffff0, 0x0000000085300000| 99%| O|  |TAMS 0x00000000852ffff0| PB 0x0000000085200000| Untracked 
|   5|0x0000000085300000, 0x00000000853fffe0, 0x0000000085400000| 99%| O|  |TAMS 0x00000000853fffe0| PB 0x0000000085300000| Untracked 
|   6|0x0000000085400000, 0x0000000085500000, 0x0000000085500000|100%| O|  |TAMS 0x0000000085500000| PB 0x0000000085400000| Untracked 
|   7|0x0000000085500000, 0x0000000085600000, 0x0000000085600000|100%| O|  |TAMS 0x0000000085600000| PB 0x0000000085500000| Untracked 
|   8|0x0000000085600000, 0x0000000085700000, 0x0000000085700000|100%| O|  |TAMS 0x0000000085700000| PB 0x0000000085600000| Untracked 
|   9|0x0000000085700000, 0x0000000085800000, 0x0000000085800000|100%| O|  |TAMS 0x0000000085800000| PB 0x0000000085700000| Untracked 
|  10|0x0000000085800000, 0x0000000085900000, 0x0000000085900000|100%| O|  |TAMS 0x0000000085900000| PB 0x0000000085800000| Untracked 
|  11|0x0000000085900000, 0x0000000085a00000, 0x0000000085a00000|100%| O|  |TAMS 0x0000000085a00000| PB 0x0000000085900000| Untracked 
|  12|0x0000000085a00000, 0x0000000085afffd0, 0x0000000085b00000| 99%| O|  |TAMS 0x0000000085afffd0| PB 0x0000000085a00000| Untracked 
|  13|0x0000000085b00000, 0x0000000085c00000, 0x0000000085c00000|100%| O|  |TAMS 0x0000000085c00000| PB 0x0000000085b00000| Untracked 
|  14|0x0000000085c00000, 0x0000000085cffa78, 0x0000000085d00000| 99%| O|  |TAMS 0x0000000085cffa78| PB 0x0000000085c00000| Untracked 
|  15|0x0000000085d00000, 0x0000000085dffff0, 0x0000000085e00000| 99%| O|  |TAMS 0x0000000085dffff0| PB 0x0000000085d00000| Untracked 
|  16|0x0000000085e00000, 0x0000000085efff80, 0x0000000085f00000| 99%| O|  |TAMS 0x0000000085efff80| PB 0x0000000085e00000| Untracked 
|  17|0x0000000085f00000, 0x0000000086000000, 0x0000000086000000|100%| O|  |TAMS 0x0000000086000000| PB 0x0000000085f00000| Untracked 
|  18|0x0000000086000000, 0x00000000860fffe8, 0x0000000086100000| 99%| O|  |TAMS 0x00000000860fffe8| PB 0x0000000086000000| Untracked 
|  19|0x0000000086100000, 0x00000000861fffa8, 0x0000000086200000| 99%| O|  |TAMS 0x00000000861fffa8| PB 0x0000000086100000| Untracked 
|  20|0x0000000086200000, 0x00000000862fffd0, 0x0000000086300000| 99%| O|  |TAMS 0x00000000862fffd0| PB 0x0000000086200000| Untracked 
|  21|0x0000000086300000, 0x00000000863ffff8, 0x0000000086400000| 99%| O|  |TAMS 0x00000000863ffff8| PB 0x0000000086300000| Untracked 
|  22|0x0000000086400000, 0x00000000864ffff0, 0x0000000086500000| 99%| O|  |TAMS 0x00000000864ffff0| PB 0x0000000086400000| Untracked 
|  23|0x0000000086500000, 0x00000000865ffff0, 0x0000000086600000| 99%| O|  |TAMS 0x00000000865ffff0| PB 0x0000000086500000| Untracked 
|  24|0x0000000086600000, 0x00000000866fda38, 0x0000000086700000| 99%| O|  |TAMS 0x00000000866fda38| PB 0x0000000086600000| Untracked 
|  25|0x0000000086700000, 0x00000000867fffe8, 0x0000000086800000| 99%| O|  |TAMS 0x00000000867fffe8| PB 0x0000000086700000| Untracked 
|  26|0x0000000086800000, 0x0000000086900000, 0x0000000086900000|100%| O|  |TAMS 0x0000000086900000| PB 0x0000000086800000| Untracked 
|  27|0x0000000086900000, 0x00000000869fffe8, 0x0000000086a00000| 99%| O|  |TAMS 0x00000000869fffe8| PB 0x0000000086900000| Untracked 
|  28|0x0000000086a00000, 0x0000000086affff0, 0x0000000086b00000| 99%| O|  |TAMS 0x0000000086affff0| PB 0x0000000086a00000| Untracked 
|  29|0x0000000086b00000, 0x0000000086bffff8, 0x0000000086c00000| 99%| O|  |TAMS 0x0000000086bffff8| PB 0x0000000086b00000| Untracked 
|  30|0x0000000086c00000, 0x0000000086cffff8, 0x0000000086d00000| 99%| O|  |TAMS 0x0000000086cffff8| PB 0x0000000086c00000| Untracked 
|  31|0x0000000086d00000, 0x0000000086dfffe8, 0x0000000086e00000| 99%| O|  |TAMS 0x0000000086dfffe8| PB 0x0000000086d00000| Untracked 
|  32|0x0000000086e00000, 0x0000000086effff0, 0x0000000086f00000| 99%| O|  |TAMS 0x0000000086effff0| PB 0x0000000086e00000| Untracked 
|  33|0x0000000086f00000, 0x0000000086fffff0, 0x0000000087000000| 99%| O|  |TAMS 0x0000000086fffff0| PB 0x0000000086f00000| Untracked 
|  34|0x0000000087000000, 0x00000000870fffa0, 0x0000000087100000| 99%| O|  |TAMS 0x00000000870fffa0| PB 0x0000000087000000| Untracked 
|  35|0x0000000087100000, 0x00000000871fff68, 0x0000000087200000| 99%| O|  |TAMS 0x00000000871fff68| PB 0x0000000087100000| Untracked 
|  36|0x0000000087200000, 0x00000000872fffe8, 0x0000000087300000| 99%| O|  |TAMS 0x00000000872fffe8| PB 0x0000000087200000| Untracked 
|  37|0x0000000087300000, 0x00000000873fffd8, 0x0000000087400000| 99%| O|  |TAMS 0x00000000873fffd8| PB 0x0000000087300000| Untracked 
|  38|0x0000000087400000, 0x00000000874ffff0, 0x0000000087500000| 99%| O|  |TAMS 0x00000000874ffff0| PB 0x0000000087400000| Untracked 
|  39|0x0000000087500000, 0x00000000875ffff8, 0x0000000087600000| 99%| O|  |TAMS 0x00000000875ffff8| PB 0x0000000087500000| Untracked 
|  40|0x0000000087600000, 0x00000000876ffff8, 0x0000000087700000| 99%| O|  |TAMS 0x00000000876ffff8| PB 0x0000000087600000| Untracked 
|  41|0x0000000087700000, 0x00000000877ffff8, 0x0000000087800000| 99%| O|  |TAMS 0x00000000877ffff8| PB 0x0000000087700000| Untracked 
|  42|0x0000000087800000, 0x0000000087900000, 0x0000000087900000|100%| O|  |TAMS 0x0000000087900000| PB 0x0000000087800000| Untracked 
|  43|0x0000000087900000, 0x00000000879fffb8, 0x0000000087a00000| 99%| O|  |TAMS 0x00000000879fffb8| PB 0x0000000087900000| Untracked 
|  44|0x0000000087a00000, 0x0000000087afffd0, 0x0000000087b00000| 99%| O|  |TAMS 0x0000000087afffd0| PB 0x0000000087a00000| Untracked 
|  45|0x0000000087b00000, 0x0000000087bfffd0, 0x0000000087c00000| 99%| O|  |TAMS 0x0000000087bfffd0| PB 0x0000000087b00000| Untracked 
|  46|0x0000000087c00000, 0x0000000087cffff8, 0x0000000087d00000| 99%| O|  |TAMS 0x0000000087cffff8| PB 0x0000000087c00000| Untracked 
|  47|0x0000000087d00000, 0x0000000087dffff8, 0x0000000087e00000| 99%| O|  |TAMS 0x0000000087dffff8| PB 0x0000000087d00000| Untracked 
|  48|0x0000000087e00000, 0x0000000087effff0, 0x0000000087f00000| 99%| O|  |TAMS 0x0000000087effff0| PB 0x0000000087e00000| Untracked 
|  49|0x0000000087f00000, 0x0000000087fffff8, 0x0000000088000000| 99%| O|  |TAMS 0x0000000087fffff8| PB 0x0000000087f00000| Untracked 
|  50|0x0000000088000000, 0x0000000088100000, 0x0000000088100000|100%| O|  |TAMS 0x0000000088100000| PB 0x0000000088000000| Untracked 
|  51|0x0000000088100000, 0x00000000881ffff8, 0x0000000088200000| 99%| O|  |TAMS 0x00000000881ffff8| PB 0x0000000088100000| Untracked 
|  52|0x0000000088200000, 0x00000000882fffe8, 0x0000000088300000| 99%| O|  |TAMS 0x00000000882fffe8| PB 0x0000000088200000| Untracked 
|  53|0x0000000088300000, 0x00000000883ffff8, 0x0000000088400000| 99%| O|  |TAMS 0x00000000883ffff8| PB 0x0000000088300000| Untracked 
|  54|0x0000000088400000, 0x00000000884b43f0, 0x0000000088500000| 70%| O|  |TAMS 0x00000000884b43f0| PB 0x0000000088400000| Untracked 
|  55|0x0000000088500000, 0x000000008858d340, 0x0000000088600000| 55%| O|  |TAMS 0x000000008858d340| PB 0x0000000088500000| Untracked 
|  56|0x0000000088600000, 0x00000000886857f0, 0x0000000088700000| 52%| O|  |TAMS 0x00000000886857f0| PB 0x0000000088600000| Untracked 
|  57|0x0000000088700000, 0x0000000088800000, 0x0000000088800000|100%| O|  |TAMS 0x0000000088700000| PB 0x0000000088700000| Untracked 
|  58|0x0000000088800000, 0x00000000888ecc48, 0x0000000088900000| 92%| O|  |TAMS 0x00000000888ecc48| PB 0x0000000088800000| Untracked 
|  59|0x0000000088900000, 0x00000000889900a0, 0x0000000088a00000| 56%| O|  |TAMS 0x00000000889900a0| PB 0x0000000088900000| Untracked 
|  60|0x0000000088a00000, 0x0000000088a99180, 0x0000000088b00000| 59%| O|  |TAMS 0x0000000088a99180| PB 0x0000000088a00000| Untracked 
|  61|0x0000000088b00000, 0x0000000088c00000, 0x0000000088c00000|100%| O|  |TAMS 0x0000000088b00000| PB 0x0000000088b00000| Untracked 
|  62|0x0000000088c00000, 0x0000000088d00000, 0x0000000088d00000|100%| O|  |TAMS 0x0000000088c561f8| PB 0x0000000088c00000| Untracked 
|  63|0x0000000088d00000, 0x0000000088e00000, 0x0000000088e00000|100%| O|  |TAMS 0x0000000088d00000| PB 0x0000000088d00000| Untracked 
|  64|0x0000000088e00000, 0x0000000088f00000, 0x0000000088f00000|100%| O|  |TAMS 0x0000000088e00000| PB 0x0000000088e00000| Untracked 
|  65|0x0000000088f00000, 0x0000000089000000, 0x0000000089000000|100%| O|  |TAMS 0x0000000088f00000| PB 0x0000000088f00000| Untracked 
|  66|0x0000000089000000, 0x000000008905c730, 0x0000000089100000| 36%| O|  |TAMS 0x0000000089000000| PB 0x0000000089000000| Untracked 
|  67|0x0000000089100000, 0x0000000089100000, 0x0000000089200000|  0%| F|  |TAMS 0x0000000089100000| PB 0x0000000089100000| Untracked 
|  68|0x0000000089200000, 0x0000000089200000, 0x0000000089300000|  0%| F|  |TAMS 0x0000000089200000| PB 0x0000000089200000| Untracked 
|  69|0x0000000089300000, 0x0000000089300000, 0x0000000089400000|  0%| F|  |TAMS 0x0000000089300000| PB 0x0000000089300000| Untracked 
|  70|0x0000000089400000, 0x0000000089400000, 0x0000000089500000|  0%| F|  |TAMS 0x0000000089400000| PB 0x0000000089400000| Untracked 
|  71|0x0000000089500000, 0x0000000089500000, 0x0000000089600000|  0%| F|  |TAMS 0x0000000089500000| PB 0x0000000089500000| Untracked 
|  72|0x0000000089600000, 0x0000000089600000, 0x0000000089700000|  0%| F|  |TAMS 0x0000000089600000| PB 0x0000000089600000| Untracked 
|  73|0x0000000089700000, 0x0000000089700000, 0x0000000089800000|  0%| F|  |TAMS 0x0000000089700000| PB 0x0000000089700000| Untracked 
|  74|0x0000000089800000, 0x0000000089800000, 0x0000000089900000|  0%| F|  |TAMS 0x0000000089800000| PB 0x0000000089800000| Untracked 
|  75|0x0000000089900000, 0x0000000089900000, 0x0000000089a00000|  0%| F|  |TAMS 0x0000000089900000| PB 0x0000000089900000| Untracked 
|  76|0x0000000089a00000, 0x0000000089a00000, 0x0000000089b00000|  0%| F|  |TAMS 0x0000000089a00000| PB 0x0000000089a00000| Untracked 
|  77|0x0000000089b00000, 0x0000000089b00000, 0x0000000089c00000|  0%| F|  |TAMS 0x0000000089b00000| PB 0x0000000089b00000| Untracked 
|  78|0x0000000089c00000, 0x0000000089c00000, 0x0000000089d00000|  0%| F|  |TAMS 0x0000000089c00000| PB 0x0000000089c00000| Untracked 
|  79|0x0000000089d00000, 0x0000000089d00000, 0x0000000089e00000|  0%| F|  |TAMS 0x0000000089d00000| PB 0x0000000089d00000| Untracked 
|  80|0x0000000089e00000, 0x0000000089ea7ae0, 0x0000000089f00000| 65%| S|CS|TAMS 0x0000000089e00000| PB 0x0000000089e00000| Complete 
|  81|0x0000000089f00000, 0x000000008a000000, 0x000000008a000000|100%| S|CS|TAMS 0x0000000089f00000| PB 0x0000000089f00000| Complete 
|  82|0x000000008a000000, 0x000000008a100000, 0x000000008a100000|100%| S|CS|TAMS 0x000000008a000000| PB 0x000000008a000000| Complete 
|  83|0x000000008a100000, 0x000000008a100000, 0x000000008a200000|  0%| F|  |TAMS 0x000000008a100000| PB 0x000000008a100000| Untracked 
|  84|0x000000008a200000, 0x000000008a200000, 0x000000008a300000|  0%| F|  |TAMS 0x000000008a200000| PB 0x000000008a200000| Untracked 
|  85|0x000000008a300000, 0x000000008a300000, 0x000000008a400000|  0%| F|  |TAMS 0x000000008a300000| PB 0x000000008a300000| Untracked 
|  86|0x000000008a400000, 0x000000008a400000, 0x000000008a500000|  0%| F|  |TAMS 0x000000008a400000| PB 0x000000008a400000| Untracked 
|  87|0x000000008a500000, 0x000000008a500000, 0x000000008a600000|  0%| F|  |TAMS 0x000000008a500000| PB 0x000000008a500000| Untracked 
|  88|0x000000008a600000, 0x000000008a600000, 0x000000008a700000|  0%| F|  |TAMS 0x000000008a600000| PB 0x000000008a600000| Untracked 
|  89|0x000000008a700000, 0x000000008a800000, 0x000000008a800000|100%| S|CS|TAMS 0x000000008a700000| PB 0x000000008a700000| Complete 
|  90|0x000000008a800000, 0x000000008a900000, 0x000000008a900000|100%| S|CS|TAMS 0x000000008a800000| PB 0x000000008a800000| Complete 
|  91|0x000000008a900000, 0x000000008aa00000, 0x000000008aa00000|100%| S|CS|TAMS 0x000000008a900000| PB 0x000000008a900000| Complete 
|  92|0x000000008aa00000, 0x000000008ab00000, 0x000000008ab00000|100%| S|CS|TAMS 0x000000008aa00000| PB 0x000000008aa00000| Complete 
|  93|0x000000008ab00000, 0x000000008ac00000, 0x000000008ac00000|100%| S|CS|TAMS 0x000000008ab00000| PB 0x000000008ab00000| Complete 
|  94|0x000000008ac00000, 0x000000008ac00000, 0x000000008ad00000|  0%| F|  |TAMS 0x000000008ac00000| PB 0x000000008ac00000| Untracked 
|  95|0x000000008ad00000, 0x000000008ad00000, 0x000000008ae00000|  0%| F|  |TAMS 0x000000008ad00000| PB 0x000000008ad00000| Untracked 
|  96|0x000000008ae00000, 0x000000008ae00000, 0x000000008af00000|  0%| F|  |TAMS 0x000000008ae00000| PB 0x000000008ae00000| Untracked 
|  97|0x000000008af00000, 0x000000008af00000, 0x000000008b000000|  0%| F|  |TAMS 0x000000008af00000| PB 0x000000008af00000| Untracked 
|  98|0x000000008b000000, 0x000000008b000000, 0x000000008b100000|  0%| F|  |TAMS 0x000000008b000000| PB 0x000000008b000000| Untracked 
|  99|0x000000008b100000, 0x000000008b100000, 0x000000008b200000|  0%| F|  |TAMS 0x000000008b100000| PB 0x000000008b100000| Untracked 
| 100|0x000000008b200000, 0x000000008b200000, 0x000000008b300000|  0%| F|  |TAMS 0x000000008b200000| PB 0x000000008b200000| Untracked 
| 101|0x000000008b300000, 0x000000008b300000, 0x000000008b400000|  0%| F|  |TAMS 0x000000008b300000| PB 0x000000008b300000| Untracked 
| 102|0x000000008b400000, 0x000000008b400000, 0x000000008b500000|  0%| F|  |TAMS 0x000000008b400000| PB 0x000000008b400000| Untracked 
| 103|0x000000008b500000, 0x000000008b500000, 0x000000008b600000|  0%| F|  |TAMS 0x000000008b500000| PB 0x000000008b500000| Untracked 
| 104|0x000000008b600000, 0x000000008b600000, 0x000000008b700000|  0%| F|  |TAMS 0x000000008b600000| PB 0x000000008b600000| Untracked 
| 105|0x000000008b700000, 0x000000008b700000, 0x000000008b800000|  0%| F|  |TAMS 0x000000008b700000| PB 0x000000008b700000| Untracked 
| 106|0x000000008b800000, 0x000000008b800000, 0x000000008b900000|  0%| F|  |TAMS 0x000000008b800000| PB 0x000000008b800000| Untracked 
| 107|0x000000008b900000, 0x000000008b900000, 0x000000008ba00000|  0%| F|  |TAMS 0x000000008b900000| PB 0x000000008b900000| Untracked 
| 108|0x000000008ba00000, 0x000000008ba00000, 0x000000008bb00000|  0%| F|  |TAMS 0x000000008ba00000| PB 0x000000008ba00000| Untracked 
| 109|0x000000008bb00000, 0x000000008bb00000, 0x000000008bc00000|  0%| F|  |TAMS 0x000000008bb00000| PB 0x000000008bb00000| Untracked 
| 110|0x000000008bc00000, 0x000000008bc00000, 0x000000008bd00000|  0%| F|  |TAMS 0x000000008bc00000| PB 0x000000008bc00000| Untracked 
| 111|0x000000008bd00000, 0x000000008bd00000, 0x000000008be00000|  0%| F|  |TAMS 0x000000008bd00000| PB 0x000000008bd00000| Untracked 
| 112|0x000000008be00000, 0x000000008be00000, 0x000000008bf00000|  0%| F|  |TAMS 0x000000008be00000| PB 0x000000008be00000| Untracked 
| 113|0x000000008bf00000, 0x000000008bf00000, 0x000000008c000000|  0%| F|  |TAMS 0x000000008bf00000| PB 0x000000008bf00000| Untracked 
| 114|0x000000008c000000, 0x000000008c000000, 0x000000008c100000|  0%| F|  |TAMS 0x000000008c000000| PB 0x000000008c000000| Untracked 
| 115|0x000000008c100000, 0x000000008c100000, 0x000000008c200000|  0%| F|  |TAMS 0x000000008c100000| PB 0x000000008c100000| Untracked 
| 116|0x000000008c200000, 0x000000008c200000, 0x000000008c300000|  0%| F|  |TAMS 0x000000008c200000| PB 0x000000008c200000| Untracked 
| 117|0x000000008c300000, 0x000000008c300000, 0x000000008c400000|  0%| F|  |TAMS 0x000000008c300000| PB 0x000000008c300000| Untracked 
| 118|0x000000008c400000, 0x000000008c400000, 0x000000008c500000|  0%| F|  |TAMS 0x000000008c400000| PB 0x000000008c400000| Untracked 
| 119|0x000000008c500000, 0x000000008c500000, 0x000000008c600000|  0%| F|  |TAMS 0x000000008c500000| PB 0x000000008c500000| Untracked 
| 120|0x000000008c600000, 0x000000008c600000, 0x000000008c700000|  0%| F|  |TAMS 0x000000008c600000| PB 0x000000008c600000| Untracked 
| 121|0x000000008c700000, 0x000000008c700000, 0x000000008c800000|  0%| F|  |TAMS 0x000000008c700000| PB 0x000000008c700000| Untracked 
| 122|0x000000008c800000, 0x000000008c800000, 0x000000008c900000|  0%| F|  |TAMS 0x000000008c800000| PB 0x000000008c800000| Untracked 
| 123|0x000000008c900000, 0x000000008c900000, 0x000000008ca00000|  0%| F|  |TAMS 0x000000008c900000| PB 0x000000008c900000| Untracked 
| 124|0x000000008ca00000, 0x000000008ca00000, 0x000000008cb00000|  0%| F|  |TAMS 0x000000008ca00000| PB 0x000000008ca00000| Untracked 
| 125|0x000000008cb00000, 0x000000008cb00000, 0x000000008cc00000|  0%| F|  |TAMS 0x000000008cb00000| PB 0x000000008cb00000| Untracked 
| 126|0x000000008cc00000, 0x000000008cc00000, 0x000000008cd00000|  0%| F|  |TAMS 0x000000008cc00000| PB 0x000000008cc00000| Untracked 
| 127|0x000000008cd00000, 0x000000008cd00000, 0x000000008ce00000|  0%| F|  |TAMS 0x000000008cd00000| PB 0x000000008cd00000| Untracked 
| 128|0x000000008ce00000, 0x000000008ce00000, 0x000000008cf00000|  0%| F|  |TAMS 0x000000008ce00000| PB 0x000000008ce00000| Untracked 
| 129|0x000000008cf00000, 0x000000008cf00000, 0x000000008d000000|  0%| F|  |TAMS 0x000000008cf00000| PB 0x000000008cf00000| Untracked 
| 130|0x000000008d000000, 0x000000008d000000, 0x000000008d100000|  0%| F|  |TAMS 0x000000008d000000| PB 0x000000008d000000| Untracked 
| 131|0x000000008d100000, 0x000000008d100000, 0x000000008d200000|  0%| F|  |TAMS 0x000000008d100000| PB 0x000000008d100000| Untracked 
| 132|0x000000008d200000, 0x000000008d200000, 0x000000008d300000|  0%| F|  |TAMS 0x000000008d200000| PB 0x000000008d200000| Untracked 
| 133|0x000000008d300000, 0x000000008d300000, 0x000000008d400000|  0%| F|  |TAMS 0x000000008d300000| PB 0x000000008d300000| Untracked 
| 134|0x000000008d400000, 0x000000008d400000, 0x000000008d500000|  0%| F|  |TAMS 0x000000008d400000| PB 0x000000008d400000| Untracked 
| 135|0x000000008d500000, 0x000000008d500000, 0x000000008d600000|  0%| F|  |TAMS 0x000000008d500000| PB 0x000000008d500000| Untracked 
| 136|0x000000008d600000, 0x000000008d600000, 0x000000008d700000|  0%| F|  |TAMS 0x000000008d600000| PB 0x000000008d600000| Untracked 
| 137|0x000000008d700000, 0x000000008d700000, 0x000000008d800000|  0%| F|  |TAMS 0x000000008d700000| PB 0x000000008d700000| Untracked 
| 138|0x000000008d800000, 0x000000008d800000, 0x000000008d900000|  0%| F|  |TAMS 0x000000008d800000| PB 0x000000008d800000| Untracked 
| 139|0x000000008d900000, 0x000000008d900000, 0x000000008da00000|  0%| F|  |TAMS 0x000000008d900000| PB 0x000000008d900000| Untracked 
| 140|0x000000008da00000, 0x000000008da00000, 0x000000008db00000|  0%| F|  |TAMS 0x000000008da00000| PB 0x000000008da00000| Untracked 
| 141|0x000000008db00000, 0x000000008db00000, 0x000000008dc00000|  0%| F|  |TAMS 0x000000008db00000| PB 0x000000008db00000| Untracked 
| 142|0x000000008dc00000, 0x000000008dc00000, 0x000000008dd00000|  0%| F|  |TAMS 0x000000008dc00000| PB 0x000000008dc00000| Untracked 
| 143|0x000000008dd00000, 0x000000008dd00000, 0x000000008de00000|  0%| F|  |TAMS 0x000000008dd00000| PB 0x000000008dd00000| Untracked 
| 144|0x000000008de00000, 0x000000008de00000, 0x000000008df00000|  0%| F|  |TAMS 0x000000008de00000| PB 0x000000008de00000| Untracked 
| 145|0x000000008df00000, 0x000000008df00000, 0x000000008e000000|  0%| F|  |TAMS 0x000000008df00000| PB 0x000000008df00000| Untracked 
| 146|0x000000008e000000, 0x000000008e000000, 0x000000008e100000|  0%| F|  |TAMS 0x000000008e000000| PB 0x000000008e000000| Untracked 
| 147|0x000000008e100000, 0x000000008e100000, 0x000000008e200000|  0%| F|  |TAMS 0x000000008e100000| PB 0x000000008e100000| Untracked 
| 148|0x000000008e200000, 0x000000008e200000, 0x000000008e300000|  0%| F|  |TAMS 0x000000008e200000| PB 0x000000008e200000| Untracked 
| 149|0x000000008e300000, 0x000000008e300000, 0x000000008e400000|  0%| F|  |TAMS 0x000000008e300000| PB 0x000000008e300000| Untracked 
| 150|0x000000008e400000, 0x000000008e400000, 0x000000008e500000|  0%| F|  |TAMS 0x000000008e400000| PB 0x000000008e400000| Untracked 
| 151|0x000000008e500000, 0x000000008e500000, 0x000000008e600000|  0%| F|  |TAMS 0x000000008e500000| PB 0x000000008e500000| Untracked 
| 152|0x000000008e600000, 0x000000008e600000, 0x000000008e700000|  0%| F|  |TAMS 0x000000008e600000| PB 0x000000008e600000| Untracked 
| 153|0x000000008e700000, 0x000000008e700000, 0x000000008e800000|  0%| F|  |TAMS 0x000000008e700000| PB 0x000000008e700000| Untracked 
| 154|0x000000008e800000, 0x000000008e800000, 0x000000008e900000|  0%| F|  |TAMS 0x000000008e800000| PB 0x000000008e800000| Untracked 
| 155|0x000000008e900000, 0x000000008e900000, 0x000000008ea00000|  0%| F|  |TAMS 0x000000008e900000| PB 0x000000008e900000| Untracked 
| 156|0x000000008ea00000, 0x000000008ea00000, 0x000000008eb00000|  0%| F|  |TAMS 0x000000008ea00000| PB 0x000000008ea00000| Untracked 
| 157|0x000000008eb00000, 0x000000008eb00000, 0x000000008ec00000|  0%| F|  |TAMS 0x000000008eb00000| PB 0x000000008eb00000| Untracked 
| 158|0x000000008ec00000, 0x000000008ec00000, 0x000000008ed00000|  0%| F|  |TAMS 0x000000008ec00000| PB 0x000000008ec00000| Untracked 
| 159|0x000000008ed00000, 0x000000008ed00000, 0x000000008ee00000|  0%| F|  |TAMS 0x000000008ed00000| PB 0x000000008ed00000| Untracked 
| 160|0x000000008ee00000, 0x000000008ee00000, 0x000000008ef00000|  0%| F|  |TAMS 0x000000008ee00000| PB 0x000000008ee00000| Untracked 
| 161|0x000000008ef00000, 0x000000008ef00000, 0x000000008f000000|  0%| F|  |TAMS 0x000000008ef00000| PB 0x000000008ef00000| Untracked 
| 162|0x000000008f000000, 0x000000008f000000, 0x000000008f100000|  0%| F|  |TAMS 0x000000008f000000| PB 0x000000008f000000| Untracked 
| 163|0x000000008f100000, 0x000000008f100000, 0x000000008f200000|  0%| F|  |TAMS 0x000000008f100000| PB 0x000000008f100000| Untracked 
| 164|0x000000008f200000, 0x000000008f200000, 0x000000008f300000|  0%| F|  |TAMS 0x000000008f200000| PB 0x000000008f200000| Untracked 
| 165|0x000000008f300000, 0x000000008f300000, 0x000000008f400000|  0%| F|  |TAMS 0x000000008f300000| PB 0x000000008f300000| Untracked 
| 166|0x000000008f400000, 0x000000008f400000, 0x000000008f500000|  0%| F|  |TAMS 0x000000008f400000| PB 0x000000008f400000| Untracked 
| 167|0x000000008f500000, 0x000000008f500000, 0x000000008f600000|  0%| F|  |TAMS 0x000000008f500000| PB 0x000000008f500000| Untracked 
| 168|0x000000008f600000, 0x000000008f600000, 0x000000008f700000|  0%| F|  |TAMS 0x000000008f600000| PB 0x000000008f600000| Untracked 
| 169|0x000000008f700000, 0x000000008f700000, 0x000000008f800000|  0%| F|  |TAMS 0x000000008f700000| PB 0x000000008f700000| Untracked 
| 170|0x000000008f800000, 0x000000008f800000, 0x000000008f900000|  0%| F|  |TAMS 0x000000008f800000| PB 0x000000008f800000| Untracked 
| 171|0x000000008f900000, 0x000000008f900000, 0x000000008fa00000|  0%| F|  |TAMS 0x000000008f900000| PB 0x000000008f900000| Untracked 
| 172|0x000000008fa00000, 0x000000008fa00000, 0x000000008fb00000|  0%| F|  |TAMS 0x000000008fa00000| PB 0x000000008fa00000| Untracked 
| 173|0x000000008fb00000, 0x000000008fb00000, 0x000000008fc00000|  0%| F|  |TAMS 0x000000008fb00000| PB 0x000000008fb00000| Untracked 
| 174|0x000000008fc00000, 0x000000008fc00000, 0x000000008fd00000|  0%| F|  |TAMS 0x000000008fc00000| PB 0x000000008fc00000| Untracked 
| 175|0x000000008fd00000, 0x000000008fd00000, 0x000000008fe00000|  0%| F|  |TAMS 0x000000008fd00000| PB 0x000000008fd00000| Untracked 
| 176|0x000000008fe00000, 0x000000008fe00000, 0x000000008ff00000|  0%| F|  |TAMS 0x000000008fe00000| PB 0x000000008fe00000| Untracked 
| 177|0x000000008ff00000, 0x000000008ff00000, 0x0000000090000000|  0%| F|  |TAMS 0x000000008ff00000| PB 0x000000008ff00000| Untracked 
| 178|0x0000000090000000, 0x0000000090000000, 0x0000000090100000|  0%| F|  |TAMS 0x0000000090000000| PB 0x0000000090000000| Untracked 
| 179|0x0000000090100000, 0x0000000090100000, 0x0000000090200000|  0%| F|  |TAMS 0x0000000090100000| PB 0x0000000090100000| Untracked 
| 180|0x0000000090200000, 0x0000000090200000, 0x0000000090300000|  0%| F|  |TAMS 0x0000000090200000| PB 0x0000000090200000| Untracked 
| 181|0x0000000090300000, 0x0000000090300000, 0x0000000090400000|  0%| F|  |TAMS 0x0000000090300000| PB 0x0000000090300000| Untracked 
| 182|0x0000000090400000, 0x0000000090400000, 0x0000000090500000|  0%| F|  |TAMS 0x0000000090400000| PB 0x0000000090400000| Untracked 
| 183|0x0000000090500000, 0x0000000090500000, 0x0000000090600000|  0%| F|  |TAMS 0x0000000090500000| PB 0x0000000090500000| Untracked 
| 184|0x0000000090600000, 0x0000000090600000, 0x0000000090700000|  0%| F|  |TAMS 0x0000000090600000| PB 0x0000000090600000| Untracked 
| 185|0x0000000090700000, 0x0000000090700000, 0x0000000090800000|  0%| F|  |TAMS 0x0000000090700000| PB 0x0000000090700000| Untracked 
| 186|0x0000000090800000, 0x0000000090800000, 0x0000000090900000|  0%| F|  |TAMS 0x0000000090800000| PB 0x0000000090800000| Untracked 
| 187|0x0000000090900000, 0x0000000090900000, 0x0000000090a00000|  0%| F|  |TAMS 0x0000000090900000| PB 0x0000000090900000| Untracked 
| 188|0x0000000090a00000, 0x0000000090a00000, 0x0000000090b00000|  0%| F|  |TAMS 0x0000000090a00000| PB 0x0000000090a00000| Untracked 
| 189|0x0000000090b00000, 0x0000000090b00000, 0x0000000090c00000|  0%| F|  |TAMS 0x0000000090b00000| PB 0x0000000090b00000| Untracked 
|1969|0x00000000fff00000, 0x00000000fff00000, 0x0000000100000000|  0%| F|  |TAMS 0x00000000fff00000| PB 0x00000000fff00000| Untracked 

Card table byte_map: [0x000001d170c80000,0x000001d171060000] _byte_map_base: 0x000001d170859000

Marking Bits: (CMBitMap*) 0x000001d16514f080
 Bits: [0x000001d171060000, 0x000001d172f28000)

Polling page: 0x000001d163000000

Metaspace:

Usage:
  Non-class:    106.08 MB used.
      Class:     17.24 MB used.
       Both:    123.32 MB used.

Virtual space:
  Non-class space:      128.00 MB reserved,     106.62 MB ( 83%) committed,  2 nodes.
      Class space:        1.00 GB reserved,      17.75 MB (  2%) committed,  1 nodes.
             Both:        1.12 GB reserved,     124.38 MB ( 11%) committed. 

Chunk freelists:
   Non-Class:  5.11 MB
       Class:  14.19 MB
        Both:  19.30 MB

MaxMetaspaceSize: unlimited
CompressedClassSpaceSize: 1.00 GB
Initial GC threshold: 21.00 MB
Current GC threshold: 206.56 MB
CDS: on
 - commit_granule_bytes: 65536.
 - commit_granule_words: 8192.
 - virtual_space_node_default_size: 8388608.
 - enlarge_chunks_in_place: 1.
 - use_allocation_guard: 0.


Internal statistics:

num_allocs_failed_limit: 9.
num_arena_births: 2636.
num_arena_deaths: 1142.
num_vsnodes_births: 3.
num_vsnodes_deaths: 0.
num_space_committed: 1990.
num_space_uncommitted: 0.
num_chunks_returned_to_freelist: 1306.
num_chunks_taken_from_freelist: 7833.
num_chunk_merges: 289.
num_chunk_splits: 5114.
num_chunks_enlarged: 3880.
num_inconsistent_stats: 0.

CodeCache: size=49152Kb used=17288Kb max_used=21443Kb free=31863Kb
 bounds [0x000001d16d570000, 0x000001d16eb30000, 0x000001d170570000]
 total_blobs=9896 nmethods=8936 adapters=883
 compilation: enabled
              stopped_count=0, restarted_count=0
 full_count=0

Compilation events (20 events):
Event: 2796.244 Thread 0x000001d175c2eba0 20773  s    1       org.springframework.beans.PropertyValue::getConvertedValue (5 bytes)
Event: 2796.245 Thread 0x000001d175c2eba0 nmethod 20773 0x000001d16dec2310 code [0x000001d16dec24a0, 0x000001d16dec2628]
Event: 2797.614 Thread 0x000001d175c2eba0 20774       1       org.springframework.core.type.StandardMethodMetadata::getMethodName (8 bytes)
Event: 2797.615 Thread 0x000001d175c2eba0 nmethod 20774 0x000001d16dec2010 code [0x000001d16dec21a0, 0x000001d16dec2270]
Event: 2797.678 Thread 0x000001d175c2eba0 20775       1       org.springframework.core.type.StandardMethodMetadata::getAnnotations (5 bytes)
Event: 2797.682 Thread 0x000001d175c2eba0 nmethod 20775 0x000001d16dec1d10 code [0x000001d16dec1ea0, 0x000001d16dec1f68]
Event: 2797.684 Thread 0x000001d175c2eba0 20776       1       org.springframework.core.type.StandardMethodMetadata::getAnnotationAttributes (25 bytes)
Event: 2797.734 Thread 0x000001d175c2eba0 nmethod 20776 0x000001d16dec1710 code [0x000001d16dec1920, 0x000001d16dec1ba8]
Event: 2799.573 Thread 0x000001d175c2eba0 20777       1       org.springframework.beans.factory.support.DefaultListableBeanFactory::resolveMultipleBeansFallback (65 bytes)
Event: 2799.585 Thread 0x000001d175c2eba0 nmethod 20777 0x000001d16dec1090 code [0x000001d16dec12a0, 0x000001d16dec1538]
Event: 2799.585 Thread 0x000001d175c2eba0 20778       1       org.springframework.beans.factory.annotation.QualifierAnnotationAutowireCandidateResolver::isRequired (40 bytes)
Event: 2799.600 Thread 0x000001d175c2eba0 nmethod 20778 0x000001d16dec0410 code [0x000001d16dec0660, 0x000001d16dec0cd0]
Event: 2799.600 Thread 0x000001d175c2eba0 20779       1       org.springframework.beans.factory.support.AutowireCandidateResolver::isRequired (5 bytes)
Event: 2799.600 Thread 0x000001d175c2eba0 nmethod 20779 0x000001d16dec0090 code [0x000001d16dec0240, 0x000001d16dec0338]
Event: 2802.104 Thread 0x000001d175c2eba0 20780   !   1       jdk.proxy2.$Proxy72::annotationType (29 bytes)
Event: 2802.106 Thread 0x000001d175c2eba0 nmethod 20780 0x000001d16debfb10 code [0x000001d16debfce0, 0x000001d16debff10]
Event: 2802.297 Thread 0x000001d175c2eba0 20781       1       org.springframework.beans.factory.config.ConstructorArgumentValues::containsNamedArgument (89 bytes)
Event: 2802.303 Thread 0x000001d175c2eba0 nmethod 20781 0x000001d16debf390 code [0x000001d16debf5c0, 0x000001d16debf918]
Event: 2802.493 Thread 0x000001d175c2eba0 20782       1       java.util.Collections::list (33 bytes)
Event: 2802.495 Thread 0x000001d175c2eba0 nmethod 20782 0x000001d16d6e7290 code [0x000001d16d6e7480, 0x000001d16d6e7810]

GC Heap History (20 events):
Event: 2659.304 GC heap after
{Heap after GC invocations=59 (full 2):
 garbage-first heap   total 195584K, used 66264K [0x0000000084e00000, 0x0000000100000000)
  region size 1024K, 8 young (8192K), 8 survivors (8192K)
 Metaspace       used 125427K, committed 126656K, reserved 1179648K
  class space    used 17596K, committed 18176K, reserved 1048576K
}
Event: 2674.333 GC heap before
{Heap before GC invocations=59 (full 2):
 garbage-first heap   total 195584K, used 172760K [0x0000000084e00000, 0x0000000100000000)
  region size 1024K, 111 young (113664K), 8 survivors (8192K)
 Metaspace       used 125556K, committed 126720K, reserved 1179648K
  class space    used 17603K, committed 18176K, reserved 1048576K
}
Event: 2674.419 GC heap after
{Heap after GC invocations=60 (full 2):
 garbage-first heap   total 195584K, used 70027K [0x0000000084e00000, 0x0000000100000000)
  region size 1024K, 11 young (11264K), 11 survivors (11264K)
 Metaspace       used 125556K, committed 126720K, reserved 1179648K
  class space    used 17603K, committed 18176K, reserved 1048576K
}
Event: 2684.231 GC heap before
{Heap before GC invocations=60 (full 2):
 garbage-first heap   total 195584K, used 169355K [0x0000000084e00000, 0x0000000100000000)
  region size 1024K, 108 young (110592K), 11 survivors (11264K)
 Metaspace       used 125789K, committed 126912K, reserved 1179648K
  class space    used 17619K, committed 18176K, reserved 1048576K
}
Event: 2684.273 GC heap after
{Heap after GC invocations=61 (full 2):
 garbage-first heap   total 195584K, used 73104K [0x0000000084e00000, 0x0000000100000000)
  region size 1024K, 8 young (8192K), 8 survivors (8192K)
 Metaspace       used 125789K, committed 126912K, reserved 1179648K
  class space    used 17619K, committed 18176K, reserved 1048576K
}
Event: 2699.289 GC heap before
{Heap before GC invocations=62 (full 2):
 garbage-first heap   total 195584K, used 172432K [0x0000000084e00000, 0x0000000100000000)
  region size 1024K, 105 young (107520K), 8 survivors (8192K)
 Metaspace       used 125849K, committed 126976K, reserved 1179648K
  class space    used 17621K, committed 18176K, reserved 1048576K
}
Event: 2699.313 GC heap after
{Heap after GC invocations=63 (full 2):
 garbage-first heap   total 195584K, used 75615K [0x0000000084e00000, 0x0000000100000000)
  region size 1024K, 10 young (10240K), 10 survivors (10240K)
 Metaspace       used 125849K, committed 126976K, reserved 1179648K
  class space    used 17621K, committed 18176K, reserved 1048576K
}
Event: 2705.458 GC heap before
{Heap before GC invocations=63 (full 2):
 garbage-first heap   total 195584K, used 170847K [0x0000000084e00000, 0x0000000100000000)
  region size 1024K, 103 young (105472K), 10 survivors (10240K)
 Metaspace       used 125859K, committed 126976K, reserved 1179648K
  class space    used 17625K, committed 18176K, reserved 1048576K
}
Event: 2705.494 GC heap after
{Heap after GC invocations=64 (full 2):
 garbage-first heap   total 195584K, used 77408K [0x0000000084e00000, 0x0000000100000000)
  region size 1024K, 9 young (9216K), 9 survivors (9216K)
 Metaspace       used 125859K, committed 126976K, reserved 1179648K
  class space    used 17625K, committed 18176K, reserved 1048576K
}
Event: 2712.697 GC heap before
{Heap before GC invocations=64 (full 2):
 garbage-first heap   total 195584K, used 172640K [0x0000000084e00000, 0x0000000100000000)
  region size 1024K, 102 young (104448K), 9 survivors (9216K)
 Metaspace       used 125859K, committed 126976K, reserved 1179648K
  class space    used 17625K, committed 18176K, reserved 1048576K
}
Event: 2712.788 GC heap after
{Heap after GC invocations=65 (full 2):
 garbage-first heap   total 195584K, used 79545K [0x0000000084e00000, 0x0000000100000000)
  region size 1024K, 8 young (8192K), 8 survivors (8192K)
 Metaspace       used 125859K, committed 126976K, reserved 1179648K
  class space    used 17625K, committed 18176K, reserved 1048576K
}
Event: 2733.339 GC heap before
{Heap before GC invocations=66 (full 2):
 garbage-first heap   total 195584K, used 169657K [0x0000000084e00000, 0x0000000100000000)
  region size 1024K, 97 young (99328K), 8 survivors (8192K)
 Metaspace       used 125819K, committed 126976K, reserved 1179648K
  class space    used 17616K, committed 18176K, reserved 1048576K
}
Event: 2733.625 GC heap after
{Heap after GC invocations=67 (full 3):
 garbage-first heap   total 195584K, used 59656K [0x0000000084e00000, 0x0000000100000000)
  region size 1024K, 0 young (0K), 0 survivors (0K)
 Metaspace       used 125810K, committed 126976K, reserved 1179648K
  class space    used 17614K, committed 18176K, reserved 1048576K
}
Event: 2735.570 GC heap before
{Heap before GC invocations=67 (full 3):
 garbage-first heap   total 195584K, used 67848K [0x0000000084e00000, 0x0000000100000000)
  region size 1024K, 10 young (10240K), 0 survivors (0K)
 Metaspace       used 125811K, committed 126976K, reserved 1179648K
  class space    used 17615K, committed 18176K, reserved 1048576K
}
Event: 2735.578 GC heap after
{Heap after GC invocations=68 (full 3):
 garbage-first heap   total 195584K, used 61935K [0x0000000084e00000, 0x0000000100000000)
  region size 1024K, 3 young (3072K), 3 survivors (3072K)
 Metaspace       used 125811K, committed 126976K, reserved 1179648K
  class space    used 17615K, committed 18176K, reserved 1048576K
}
Event: 2749.337 GC heap before
{Heap before GC invocations=69 (full 3):
 garbage-first heap   total 195584K, used 177647K [0x0000000084e00000, 0x0000000100000000)
  region size 1024K, 108 young (110592K), 3 survivors (3072K)
 Metaspace       used 125919K, committed 127040K, reserved 1179648K
  class space    used 17626K, committed 18176K, reserved 1048576K
}
Event: 2749.385 GC heap after
{Heap after GC invocations=70 (full 3):
 garbage-first heap   total 195584K, used 66701K [0x0000000084e00000, 0x0000000100000000)
  region size 1024K, 7 young (7168K), 7 survivors (7168K)
 Metaspace       used 125919K, committed 127040K, reserved 1179648K
  class space    used 17626K, committed 18176K, reserved 1048576K
}
Event: 2760.743 GC heap before
{Heap before GC invocations=70 (full 3):
 garbage-first heap   total 195584K, used 171149K [0x0000000084e00000, 0x0000000100000000)
  region size 1024K, 109 young (111616K), 7 survivors (7168K)
 Metaspace       used 126043K, committed 127104K, reserved 1179648K
  class space    used 17632K, committed 18176K, reserved 1048576K
}
Event: 2760.777 GC heap after
{Heap after GC invocations=71 (full 3):
 garbage-first heap   total 195584K, used 69935K [0x0000000084e00000, 0x0000000100000000)
  region size 1024K, 11 young (11264K), 11 survivors (11264K)
 Metaspace       used 126043K, committed 127104K, reserved 1179648K
  class space    used 17632K, committed 18176K, reserved 1048576K
}
Event: 2804.014 GC heap before
{Heap before GC invocations=71 (full 3):
 garbage-first heap   total 195584K, used 169263K [0x0000000084e00000, 0x0000000100000000)
  region size 1024K, 108 young (110592K), 11 survivors (11264K)
 Metaspace       used 126277K, committed 127360K, reserved 1179648K
  class space    used 17649K, committed 18176K, reserved 1048576K
}

Dll operation events (10 events):
Event: 0.015 Loaded shared library C:\Program Files\Java\jdk-21\bin\java.dll
Event: 0.154 Loaded shared library C:\Program Files\Java\jdk-21\bin\net.dll
Event: 0.158 Loaded shared library C:\Program Files\Java\jdk-21\bin\nio.dll
Event: 0.164 Loaded shared library C:\Program Files\Java\jdk-21\bin\zip.dll
Event: 0.368 Loaded shared library C:\Program Files\Java\jdk-21\bin\jimage.dll
Event: 1.080 Loaded shared library C:\Program Files\Java\jdk-21\bin\management.dll
Event: 1.084 Loaded shared library C:\Program Files\Java\jdk-21\bin\management_ext.dll
Event: 2.967 Loaded shared library C:\Program Files\Java\jdk-21\bin\verify.dll
Event: 3.504 Loaded shared library C:\Program Files\Java\jdk-21\bin\sunmscapi.dll
Event: 10.710 Loaded shared library C:\Program Files\Java\jdk-21\bin\extnet.dll

Deoptimization events (20 events):
Event: 7.693 Thread 0x000001d17acbada0 DEOPT PACKING pc=0x000001d16df5493c sp=0x000000bdc69fd9b0
Event: 7.693 Thread 0x000001d17acbada0 DEOPT UNPACKING pc=0x000001d16d5c4e42 sp=0x000000bdc69fcf58 mode 0
Event: 12.445 Thread 0x000001d17acbada0 DEOPT PACKING pc=0x000001d16e26fc5c sp=0x000000bdc69fcd60
Event: 12.445 Thread 0x000001d17acbada0 DEOPT UNPACKING pc=0x000001d16d5c4e42 sp=0x000000bdc69fc1f8 mode 0
Event: 14.330 Thread 0x000001d17acbada0 DEOPT PACKING pc=0x000001d16da630e1 sp=0x000000bdc69fc070
Event: 14.330 Thread 0x000001d17acbada0 DEOPT UNPACKING pc=0x000001d16d5c4e42 sp=0x000000bdc69fb578 mode 3
Event: 14.330 Thread 0x000001d17acbada0 DEOPT PACKING pc=0x000001d16da4492a sp=0x000000bdc69fc030
Event: 14.330 Thread 0x000001d17acbada0 DEOPT UNPACKING pc=0x000001d16d5c4e42 sp=0x000000bdc69fb578 mode 3
Event: 21.075 Thread 0x000001d17acbada0 DEOPT PACKING pc=0x000001d16e0ccc47 sp=0x000000bdc69feb20
Event: 21.075 Thread 0x000001d17acbada0 DEOPT UNPACKING pc=0x000001d16d5c4e42 sp=0x000000bdc69fdff8 mode 3
Event: 25.650 Thread 0x000001d17acbada0 DEOPT PACKING pc=0x000001d16e3852bc sp=0x000000bdc69fd9f0
Event: 25.650 Thread 0x000001d17acbada0 DEOPT UNPACKING pc=0x000001d16d5c4e42 sp=0x000000bdc69fce98 mode 0
Event: 29.659 Thread 0x000001d17cc29d50 DEOPT PACKING pc=0x000001d16da70f1c sp=0x000000bdc75ff350
Event: 29.659 Thread 0x000001d17cc29d50 DEOPT UNPACKING pc=0x000001d16d5c4e42 sp=0x000000bdc75fe898 mode 0
Event: 85.695 Thread 0x000001d17a182c50 DEOPT PACKING pc=0x000001d16da70f1c sp=0x000000bdc61ff130
Event: 85.697 Thread 0x000001d17a182c50 DEOPT UNPACKING pc=0x000001d16d5c4e42 sp=0x000000bdc61fe678 mode 0
Event: 297.313 Thread 0x000001d17d549460 DEOPT PACKING pc=0x000001d16d6e8c54 sp=0x000000bdc8cfea00
Event: 297.315 Thread 0x000001d17d549460 DEOPT UNPACKING pc=0x000001d16d5c4e42 sp=0x000000bdc8cfde70 mode 0
Event: 297.316 Thread 0x000001d17d549460 DEOPT PACKING pc=0x000001d16d704724 sp=0x000000bdc8cfea90
Event: 297.317 Thread 0x000001d17d549460 DEOPT UNPACKING pc=0x000001d16d5c4e42 sp=0x000000bdc8cfdff8 mode 0

Classes loaded (20 events):
Event: 1384.217 Loading class sun/security/ssl/Alert$AlertConsumer
Event: 1384.263 Loading class sun/security/ssl/Alert$AlertConsumer done
Event: 1384.264 Loading class sun/security/ssl/Alert$Level
Event: 1384.279 Loading class sun/security/ssl/Alert$Level done
Event: 1384.325 Loading class sun/net/ConnectionResetException
Event: 1384.332 Loading class sun/net/ConnectionResetException done
Event: 2486.440 Loading class sun/net/util/SocketExceptions
Event: 2489.433 Loading class sun/net/util/SocketExceptions done
Event: 2502.034 Loading class java/lang/Throwable$WrappedPrintWriter
Event: 2502.061 Loading class java/lang/Throwable$PrintStreamOrWriter
Event: 2502.225 Loading class java/lang/Throwable$PrintStreamOrWriter done
Event: 2502.226 Loading class java/lang/Throwable$WrappedPrintWriter done
Event: 2527.222 Loading class javax/management/NotificationBroadcasterSupport$WildcardListenerInfo
Event: 2527.257 Loading class javax/management/NotificationBroadcasterSupport$WildcardListenerInfo done
Event: 2541.357 Loading class java/lang/ref/Finalizer$2
Event: 2541.368 Loading class java/lang/ref/Finalizer$2 done
Event: 2541.372 Loading class java/lang/ref/Finalizer$1
Event: 2541.398 Loading class java/lang/ref/Finalizer$1 done
Event: 2608.633 Loading class java/time/DurationEditor
Event: 2608.635 Loading class java/time/DurationEditor done

Classes unloaded (20 events):
Event: 2713.004 Thread 0x000001d175c0a8a0 Unloading class 0x000001d101121000 'jdk/internal/reflect/GeneratedSerializationConstructorAccessor23'
Event: 2713.004 Thread 0x000001d175c0a8a0 Unloading class 0x000001d101122800 'jdk/internal/reflect/GeneratedSerializationConstructorAccessor22'
Event: 2713.004 Thread 0x000001d175c0a8a0 Unloading class 0x000001d10135b400 'java/lang/invoke/LambdaForm$MH+0x000001d10135b400'
Event: 2713.004 Thread 0x000001d175c0a8a0 Unloading class 0x000001d10135bc00 'java/lang/invoke/LambdaForm$MH+0x000001d10135bc00'
Event: 2713.004 Thread 0x000001d175c0a8a0 Unloading class 0x000001d101548400 'java/lang/invoke/LambdaForm$MH+0x000001d101548400'
Event: 2713.005 Thread 0x000001d175c0a8a0 Unloading class 0x000001d101549400 'java/lang/invoke/LambdaForm$MH+0x000001d101549400'
Event: 2713.005 Thread 0x000001d175c0a8a0 Unloading class 0x000001d101565000 'java/lang/invoke/LambdaForm$MH+0x000001d101565000'
Event: 2713.005 Thread 0x000001d175c0a8a0 Unloading class 0x000001d101578000 'java/lang/invoke/LambdaForm$BMH+0x000001d101578000'
Event: 2713.005 Thread 0x000001d175c0a8a0 Unloading class 0x000001d1015c1c00 'java/lang/invoke/LambdaForm$MH+0x000001d1015c1c00'
Event: 2713.006 Thread 0x000001d175c0a8a0 Unloading class 0x000001d10200d400 'java/lang/invoke/LambdaForm$MH+0x000001d10200d400'
Event: 2733.441 Thread 0x000001d175c0a8a0 Unloading class 0x000001d101fa3c00 'jdk/internal/reflect/GeneratedSerializationConstructorAccessor31'
Event: 2733.441 Thread 0x000001d175c0a8a0 Unloading class 0x000001d101fa1400 'jdk/internal/reflect/GeneratedSerializationConstructorAccessor30'
Event: 2733.441 Thread 0x000001d175c0a8a0 Unloading class 0x000001d1021d1800 'org/apache/catalina/loader/JdbcLeakPrevention'
Event: 2735.710 Thread 0x000001d175c0a8a0 Unloading class 0x000001d10136c000 'java/lang/invoke/LambdaForm$MH+0x000001d10136c000'
Event: 2735.710 Thread 0x000001d175c0a8a0 Unloading class 0x000001d101378000 'java/lang/invoke/LambdaForm$MH+0x000001d101378000'
Event: 2735.710 Thread 0x000001d175c0a8a0 Unloading class 0x000001d1014d8800 'java/lang/invoke/LambdaForm$MH+0x000001d1014d8800'
Event: 2735.710 Thread 0x000001d175c0a8a0 Unloading class 0x000001d1014e5400 'java/lang/invoke/LambdaForm$MH+0x000001d1014e5400'
Event: 2735.710 Thread 0x000001d175c0a8a0 Unloading class 0x000001d101555000 'java/lang/invoke/LambdaForm$MH+0x000001d101555000'
Event: 2735.710 Thread 0x000001d175c0a8a0 Unloading class 0x000001d1019d1800 'java/lang/invoke/LambdaForm$MH+0x000001d1019d1800'
Event: 2735.710 Thread 0x000001d175c0a8a0 Unloading class 0x000001d10200e000 'java/lang/invoke/LambdaForm$MH+0x000001d10200e000'

Classes redefined (0 events):
No events

Internal exceptions (20 events):
Event: 2747.150 Thread 0x000001d17d57e870 Exception <a 'java/lang/ArrayIndexOutOfBoundsException'{0x000000008b2ad630}: Index 11 out of bounds for length 11> (0x000000008b2ad630) 
thrown [s\open\src\hotspot\share\interpreter\interpreterRuntime.cpp, line 439]
Event: 2747.180 Thread 0x000001d17d57e870 Exception <a 'java/lang/ArrayIndexOutOfBoundsException'{0x000000008b2fb1d0}: Index 4 out of bounds for length 4> (0x000000008b2fb1d0) 
thrown [s\open\src\hotspot\share\interpreter\interpreterRuntime.cpp, line 439]
Event: 2747.180 Thread 0x000001d17d57e870 Exception <a 'java/lang/ArrayIndexOutOfBoundsException'{0x000000008b2fba58}: Index 4 out of bounds for length 4> (0x000000008b2fba58) 
thrown [s\open\src\hotspot\share\interpreter\interpreterRuntime.cpp, line 439]
Event: 2747.182 Thread 0x000001d17d57e870 Exception <a 'java/lang/ArrayIndexOutOfBoundsException'{0x000000008b104ad0}> (0x000000008b104ad0) 
thrown [s\open\src\hotspot\share\runtime\sharedRuntime.cpp, line 625]
Event: 2747.182 Thread 0x000001d17d57e870 Exception <a 'java/lang/ArrayIndexOutOfBoundsException'{0x000000008b105358}> (0x000000008b105358) 
thrown [s\open\src\hotspot\share\runtime\sharedRuntime.cpp, line 625]
Event: 2747.247 Thread 0x000001d17d57e870 Exception <a 'java/lang/ArrayIndexOutOfBoundsException'{0x000000008b1443d0}> (0x000000008b1443d0) 
thrown [s\open\src\hotspot\share\runtime\sharedRuntime.cpp, line 625]
Event: 2747.250 Thread 0x000001d17d57e870 Exception <a 'java/lang/ArrayIndexOutOfBoundsException'{0x000000008b144c58}> (0x000000008b144c58) 
thrown [s\open\src\hotspot\share\runtime\sharedRuntime.cpp, line 625]
Event: 2747.255 Thread 0x000001d17d57e870 Exception <a 'java/lang/ArrayIndexOutOfBoundsException'{0x000000008b14ccf8}> (0x000000008b14ccf8) 
thrown [s\open\src\hotspot\share\runtime\sharedRuntime.cpp, line 625]
Event: 2747.257 Thread 0x000001d17d57e870 Exception <a 'java/lang/ArrayIndexOutOfBoundsException'{0x000000008b14d580}> (0x000000008b14d580) 
thrown [s\open\src\hotspot\share\runtime\sharedRuntime.cpp, line 625]
Event: 2747.291 Thread 0x000001d17d57e870 Exception <a 'java/lang/ArrayIndexOutOfBoundsException'{0x000000008b18ca08}> (0x000000008b18ca08) 
thrown [s\open\src\hotspot\share\runtime\sharedRuntime.cpp, line 625]
Event: 2747.291 Thread 0x000001d17d57e870 Exception <a 'java/lang/ArrayIndexOutOfBoundsException'{0x000000008b18d290}> (0x000000008b18d290) 
thrown [s\open\src\hotspot\share\runtime\sharedRuntime.cpp, line 625]
Event: 2747.292 Thread 0x000001d17d57e870 Exception <a 'java/lang/ArrayIndexOutOfBoundsException'{0x000000008b197a18}> (0x000000008b197a18) 
thrown [s\open\src\hotspot\share\runtime\sharedRuntime.cpp, line 625]
Event: 2747.292 Thread 0x000001d17d57e870 Exception <a 'java/lang/ArrayIndexOutOfBoundsException'{0x000000008b1982a0}> (0x000000008b1982a0) 
thrown [s\open\src\hotspot\share\runtime\sharedRuntime.cpp, line 625]
Event: 2747.301 Thread 0x000001d17d57e870 Exception <a 'java/lang/ArrayIndexOutOfBoundsException'{0x000000008b1d6f60}> (0x000000008b1d6f60) 
thrown [s\open\src\hotspot\share\runtime\sharedRuntime.cpp, line 625]
Event: 2747.301 Thread 0x000001d17d57e870 Exception <a 'java/lang/ArrayIndexOutOfBoundsException'{0x000000008b1d77e8}> (0x000000008b1d77e8) 
thrown [s\open\src\hotspot\share\runtime\sharedRuntime.cpp, line 625]
Event: 2747.304 Thread 0x000001d17d57e870 Exception <a 'java/lang/ArrayIndexOutOfBoundsException'{0x000000008b1e1188}> (0x000000008b1e1188) 
thrown [s\open\src\hotspot\share\runtime\sharedRuntime.cpp, line 625]
Event: 2747.304 Thread 0x000001d17d57e870 Exception <a 'java/lang/ArrayIndexOutOfBoundsException'{0x000000008b1e1a10}> (0x000000008b1e1a10) 
thrown [s\open\src\hotspot\share\runtime\sharedRuntime.cpp, line 625]
Event: 2752.229 Thread 0x000001d17d57e870 Exception <a 'java/io/FileNotFoundException'{0x000000008f2724e8}> (0x000000008f2724e8) 
thrown [s\open\src\hotspot\share\prims\jni.cpp, line 520]
Event: 2756.288 Thread 0x000001d17d57e870 Exception <a 'java/io/FileNotFoundException'{0x000000008cbdf2e0}> (0x000000008cbdf2e0) 
thrown [s\open\src\hotspot\share\prims\jni.cpp, line 520]
Event: 2802.129 Thread 0x000001d17d57e870 Exception <a 'java/net/BindException'{0x000000008b3e4160}: Address already in use: bind> (0x000000008b3e4160) 
thrown [s\open\src\hotspot\share\prims\jni.cpp, line 539]

ZGC Phase Switch (0 events):
No events

VM Operations (20 events):
Event: 2775.258 Executing VM operation: Cleanup done
Event: 2776.266 Executing VM operation: Cleanup
Event: 2776.266 Executing VM operation: Cleanup done
Event: 2777.272 Executing VM operation: Cleanup
Event: 2777.272 Executing VM operation: Cleanup done
Event: 2779.291 Executing VM operation: Cleanup
Event: 2779.291 Executing VM operation: Cleanup done
Event: 2780.294 Executing VM operation: Cleanup
Event: 2780.294 Executing VM operation: Cleanup done
Event: 2782.307 Executing VM operation: Cleanup
Event: 2782.670 Executing VM operation: Cleanup done
Event: 2792.743 Executing VM operation: Cleanup
Event: 2792.744 Executing VM operation: Cleanup done
Event: 2793.746 Executing VM operation: Cleanup
Event: 2793.746 Executing VM operation: Cleanup done
Event: 2794.755 Executing VM operation: Cleanup
Event: 2794.756 Executing VM operation: Cleanup done
Event: 2797.773 Executing VM operation: Cleanup
Event: 2797.777 Executing VM operation: Cleanup done
Event: 2804.013 Executing VM operation: G1CollectForAllocation (G1 Evacuation Pause)

Events (20 events):
Event: 2735.769 Thread 0x000001d175c0a8a0 flushing nmethod 0x000001d16e923310
Event: 2735.769 Thread 0x000001d175c0a8a0 flushing nmethod 0x000001d16e964690
Event: 2735.769 Thread 0x000001d175c0a8a0 flushing nmethod 0x000001d16e977110
Event: 2735.769 Thread 0x000001d175c0a8a0 flushing nmethod 0x000001d16e977710
Event: 2735.769 Thread 0x000001d175c0a8a0 flushing nmethod 0x000001d16e977a90
Event: 2735.769 Thread 0x000001d175c0a8a0 flushing nmethod 0x000001d16e977d90
Event: 2735.769 Thread 0x000001d175c0a8a0 flushing nmethod 0x000001d16e978390
Event: 2737.784 Thread 0x000001d17d57c110 Thread added: 0x000001d17d57c110
Event: 2737.939 Thread 0x000001d17d580fd0 Thread exited: 0x000001d17d580fd0
Event: 2738.013 Thread 0x000001d17d57c110 Thread exited: 0x000001d17d57c110
Event: 2743.625 Thread 0x000001d17d57d4c0 Thread exited: 0x000001d17d57d4c0
Event: 2756.314 Thread 0x000001d17d57c7a0 Thread added: 0x000001d17d57c7a0
Event: 2756.316 Thread 0x000001d17d57d4c0 Thread added: 0x000001d17d57d4c0
Event: 2756.321 Thread 0x000001d17d57db50 Thread added: 0x000001d17d57db50
Event: 2757.004 Thread 0x000001d17f1aa910 Thread exited: 0x000001d17f1aa910
Event: 2757.429 Thread 0x000001d17d57ba80 Thread added: 0x000001d17d57ba80
Event: 2762.689 Thread 0x000001d17d57e1e0 Thread added: 0x000001d17d57e1e0
Event: 2762.825 Thread 0x000001d17d57b3f0 Thread added: 0x000001d17d57b3f0
Event: 2782.911 Thread 0x000001d17d57b3f0 Thread exited: 0x000001d17d57b3f0
Event: 2802.709 Thread 0x000001d17d57b3f0 Thread added: 0x000001d17d57b3f0


Dynamic libraries:
0x00007ff705260000 - 0x00007ff705270000 	C:\Program Files\Java\jdk-21\bin\java.exe
0x00007fff9ff40000 - 0x00007fffa01a6000 	C:\WINDOWS\SYSTEM32\ntdll.dll
0x00007fff9ed70000 - 0x00007fff9ee39000 	C:\WINDOWS\System32\KERNEL32.DLL
0x00007fff9d860000 - 0x00007fff9dc60000 	C:\WINDOWS\System32\KERNELBASE.dll
0x00007fff9d310000 - 0x00007fff9d45c000 	C:\WINDOWS\System32\ucrtbase.dll
0x00007fff493c0000 - 0x00007fff493d9000 	C:\Program Files\Java\jdk-21\bin\jli.dll
0x00007fff57d40000 - 0x00007fff57d5b000 	C:\Program Files\Java\jdk-21\bin\VCRUNTIME140.dll
0x00007fff9e6a0000 - 0x00007fff9e757000 	C:\WINDOWS\System32\ADVAPI32.dll
0x00007fff9f750000 - 0x00007fff9f7f9000 	C:\WINDOWS\System32\msvcrt.dll
0x00007fff9dd00000 - 0x00007fff9ddaa000 	C:\WINDOWS\System32\sechost.dll
0x00007fff9e270000 - 0x00007fff9e388000 	C:\WINDOWS\System32\RPCRT4.dll
0x00007fff9e090000 - 0x00007fff9e257000 	C:\WINDOWS\System32\USER32.dll
0x00007fff80390000 - 0x00007fff80622000 	C:\WINDOWS\WinSxS\amd64_microsoft.windows.common-controls_6595b64144ccf1df_6.0.26100.8737_none_3e092eaee333b772\COMCTL32.dll
0x00007fff9d2e0000 - 0x00007fff9d307000 	C:\WINDOWS\System32\win32u.dll
0x00007fff9fae0000 - 0x00007fff9fb0b000 	C:\WINDOWS\System32\GDI32.dll
0x00007fff9d730000 - 0x00007fff9d859000 	C:\WINDOWS\System32\gdi32full.dll
0x00007fff82580000 - 0x00007fff8258b000 	C:\WINDOWS\SYSTEM32\VERSION.dll
0x00007fff9d5f0000 - 0x00007fff9d693000 	C:\WINDOWS\System32\msvcp_win.dll
0x00007fff9fb10000 - 0x00007fff9fb42000 	C:\WINDOWS\System32\IMM32.DLL
0x00007fff65a50000 - 0x00007fff65a5c000 	C:\Program Files\Java\jdk-21\bin\vcruntime140_1.dll
0x00007fff1fae0000 - 0x00007fff1fb6e000 	C:\Program Files\Java\jdk-21\bin\msvcp140.dll
0x00007fff6d210000 - 0x00007fff6df2d000 	C:\Program Files\Java\jdk-21\bin\server\jvm.dll
0x00007fff9e000000 - 0x00007fff9e080000 	C:\WINDOWS\System32\WS2_32.dll
0x00007fff9cfc0000 - 0x00007fff9d01e000 	C:\WINDOWS\SYSTEM32\POWRPROF.dll
0x00007fff99590000 - 0x00007fff995c6000 	C:\WINDOWS\SYSTEM32\WINMM.dll
0x00007fff9cfa0000 - 0x00007fff9cfb4000 	C:\WINDOWS\SYSTEM32\UMPDC.dll
0x00007fff9be40000 - 0x00007fff9be5b000 	C:\WINDOWS\SYSTEM32\kernel.appcore.dll
0x00007fff6e600000 - 0x00007fff6e60a000 	C:\Program Files\Java\jdk-21\bin\jimage.dll
0x00007fff9a600000 - 0x00007fff9a842000 	C:\WINDOWS\SYSTEM32\DBGHELP.DLL
0x00007fff9fb70000 - 0x00007fff9fef3000 	C:\WINDOWS\System32\combase.dll
0x00007fff9e500000 - 0x00007fff9e5d9000 	C:\WINDOWS\System32\OLEAUT32.dll
0x00007fff7dbc0000 - 0x00007fff7dbfb000 	C:\WINDOWS\SYSTEM32\dbgcore.DLL
0x00007fff9d220000 - 0x00007fff9d2cc000 	C:\WINDOWS\System32\bcryptPrimitives.dll
0x00007fff6c840000 - 0x00007fff6c85f000 	C:\Program Files\Java\jdk-21\bin\java.dll
0x00007fff9efb0000 - 0x00007fff9f742000 	C:\WINDOWS\System32\SHELL32.dll
0x00007fff9aa50000 - 0x00007fff9b2e2000 	C:\WINDOWS\SYSTEM32\windows.storage.dll
0x00007fff9ec70000 - 0x00007fff9ed67000 	C:\WINDOWS\System32\SHCORE.dll
0x00007fff9df90000 - 0x00007fff9dff7000 	C:\WINDOWS\System32\shlwapi.dll
0x00007fff9d080000 - 0x00007fff9d0a9000 	C:\WINDOWS\SYSTEM32\profapi.dll
0x00007fff6c190000 - 0x00007fff6c1a0000 	C:\Program Files\Java\jdk-21\bin\net.dll
0x00007fff90f20000 - 0x00007fff91049000 	C:\WINDOWS\SYSTEM32\WINHTTP.dll
0x00007fff9c3f0000 - 0x00007fff9c45c000 	C:\WINDOWS\system32\mswsock.dll
0x00007fff6c070000 - 0x00007fff6c086000 	C:\Program Files\Java\jdk-21\bin\nio.dll
0x00007fff6c050000 - 0x00007fff6c068000 	C:\Program Files\Java\jdk-21\bin\zip.dll
0x00007fff6fa30000 - 0x00007fff6fa3a000 	C:\Program Files\Java\jdk-21\bin\management.dll
0x00007fff6fa20000 - 0x00007fff6fa2b000 	C:\Program Files\Java\jdk-21\bin\management_ext.dll
0x00007fff9dde0000 - 0x00007fff9dde8000 	C:\WINDOWS\System32\PSAPI.DLL
0x00007fff9b820000 - 0x00007fff9b853000 	C:\WINDOWS\SYSTEM32\IPHLPAPI.DLL
0x00007fff9e4a0000 - 0x00007fff9e4aa000 	C:\WINDOWS\System32\NSI.dll
0x00007fff9b8c0000 - 0x00007fff9ba15000 	C:\WINDOWS\SYSTEM32\DNSAPI.dll
0x00007fff9c1d0000 - 0x00007fff9c1dd000 	C:\WINDOWS\SYSTEM32\DSPARSE.dll
0x00007fff65130000 - 0x00007fff65140000 	C:\Program Files\Java\jdk-21\bin\verify.dll
0x00007fff5d3e0000 - 0x00007fff5d3ee000 	C:\Program Files\Java\jdk-21\bin\sunmscapi.dll
0x00007fff9d470000 - 0x00007fff9d5e8000 	C:\WINDOWS\System32\CRYPT32.dll
0x00007fff9c930000 - 0x00007fff9c960000 	C:\WINDOWS\SYSTEM32\ncrypt.dll
0x00007fff9c8e0000 - 0x00007fff9c91f000 	C:\WINDOWS\SYSTEM32\NTASN1.dll
0x00007fff9c710000 - 0x00007fff9c72b000 	C:\WINDOWS\SYSTEM32\CRYPTSP.dll
0x00007fff9bda0000 - 0x00007fff9bdd9000 	C:\WINDOWS\system32\rsaenh.dll
0x00007fff9c4b0000 - 0x00007fff9c4e2000 	C:\WINDOWS\SYSTEM32\USERENV.dll
0x00007fff9d050000 - 0x00007fff9d07a000 	C:\WINDOWS\SYSTEM32\bcrypt.dll
0x00007fff9c6f0000 - 0x00007fff9c6fc000 	C:\WINDOWS\SYSTEM32\CRYPTBASE.dll
0x00007fff91050000 - 0x00007fff9105b000 	C:\Windows\System32\rasadhlp.dll
0x00007fff92c00000 - 0x00007fff92c86000 	C:\WINDOWS\System32\fwpuclnt.dll
0x00007fff668d0000 - 0x00007fff668d9000 	C:\Program Files\Java\jdk-21\bin\extnet.dll
0x00007fff6a6a0000 - 0x00007fff6a6a8000 	C:\WINDOWS\system32\wshunix.dll

dbghelp: loaded successfully - version: 4.0.5 - missing functions: none
symbol engine: initialized successfully - sym options: 0x614 - pdb path: .;C:\Program Files\Java\jdk-21\bin;C:\WINDOWS\SYSTEM32;C:\WINDOWS\WinSxS\amd64_microsoft.windows.common-controls_6595b64144ccf1df_6.0.26100.8737_none_3e092eaee333b772;C:\Program Files\Java\jdk-21\bin\server

VM Arguments:
jvm_args: -XX:TieredStopAtLevel=1 
java_command: com.example.demo.PostServiceApplication
java_class_path (initial): C:\Users\ambar\OneDrive\Desktop\my folder\Blog Platform with CMS Features\Post-Service\target\classes;C:\Users\ambar\.m2\repository\org\springframework\boot\spring-boot-actuator-autoconfigure\3.5.13\spring-boot-actuator-autoconfigure-3.5.13.jar;C:\Users\ambar\.m2\repository\org\springframework\boot\spring-boot-actuator\3.5.13\spring-boot-actuator-3.5.13.jar;C:\Users\ambar\.m2\repository\com\fasterxml\jackson\datatype\jackson-datatype-jsr310\2.21.2\jackson-datatype-jsr310-2.21.2.jar;C:\Users\ambar\.m2\repository\io\micrometer\micrometer-observation\1.15.10\micrometer-observation-1.15.10.jar;C:\Users\ambar\.m2\repository\io\micrometer\micrometer-commons\1.15.10\micrometer-commons-1.15.10.jar;C:\Users\ambar\.m2\repository\io\micrometer\micrometer-jakarta9\1.15.10\micrometer-jakarta9-1.15.10.jar;C:\Users\ambar\.m2\repository\io\micrometer\micrometer-core\1.15.10\micrometer-core-1.15.10.jar;C:\Users\ambar\.m2\repository\org\hdrhistogram\HdrHistogram\2.2.2\HdrHistogram-2.2.2.jar;C:\Users\ambar\.m2\repository\org\latencyutils\LatencyUtils\2.0.3\LatencyUtils-2.0.3.jar;C:\Users\ambar\.m2\repository\com\zaxxer\HikariCP\6.3.3\HikariCP-6.3.3.jar;C:\Users\ambar\.m2\repository\org\springframework\spring-jdbc\6.2.17\spring-jdbc-6.2.17.jar;C:\Users\ambar\.m2\repository\org\hibernate\orm\hibernate-core\6.6.45.Final\hibernate-core-6.6.45.Final.jar;C:\Users\ambar\.m2\repository\jakarta\persistence\jakarta.persistence-api\3.1.0\jakarta.persistence-api-3.1.0.jar;C:\Users\ambar\.m2\repository\jakarta\transaction\jakarta.transaction-api\2.0.1\jakarta.transaction-api-2.0.1.jar;C:\Users\ambar\.m2\repository\org\jboss\logging\jboss-logging\3.6.3.Final\jboss-logging-3.6.3.Final.jar;C:\Users\ambar\.m2\repository\org\hibernate\common\hibernate-commons-annotations\7.0.3.Final\hibernate-commons-annotations-7.0.3.Final.jar;C:\Users\ambar\.m2\repository\io\smallrye\jandex\3.2.0\jandex-3.2.0.jar;C:\Users\ambar\.m2\repository\com\fasterxml\classmate\1.7.3\classmate-1.7.3.jar;C:\Users\ambar\.m2\repository\net\bytebuddy\byte-buddy\1.17.8\byte-buddy-1.17.8.jar;C:\Users\ambar\.m2\repository\org\glassfish\jaxb\jaxb-runtime\4.0.6\jaxb-runtime-4.0.6.jar;C:\Users\ambar\.m2\repository\org\glassfish\jaxb\jaxb-core\4.0.6\jaxb-core-4.0.6.jar;C:\Users\ambar\.m2\repository\org\eclipse\angus\angus-activation\2.0.3\angus-activation-2.0.3.jar;C:\Users\ambar\.m2\repository\org\glassfish\jaxb\txw2\4.0.6\txw2-4.0.6.jar;C:\Users\ambar\.m2\repository\com\sun\istack\istack-commons-runtime\4.1.2\istack-commons-runtime-4.1.2.jar;C:\Users\ambar\.m2\repository\jakarta\inject\jakarta.inject-api\2.0.1\jakarta.inject-api-2.0.1.jar;C:\Users\ambar\.m2\repository\org\antlr\antlr4-runtime\4.13.0\antlr4-runtime-4.13.0.jar;C:\Users\ambar\.m2\repository\org\springframework\data\spring-data-jpa\3.5.10\spring-data-jpa-3.5.10.jar;C:\Users\ambar\.m2\repository\org\springframework\data\spring-data-commons\3.5.10\spring-data-commons-3.5.10.jar;C:\Users\ambar\.m2\repository\org\springframework\spring-orm\6.2.17\spring-orm-6.2.17.jar;C:\Users\ambar\.m2\repository\org\springframework\spring-beans\6.2.17\spring-beans-6.2.17.jar;C:\Users\ambar\.m2\repository\org\slf4j\slf4j-api\2.0.17\slf4j-api-2.0.17.jar;C:\Users\ambar\.m2\repository\org\springframework\spring-aspects\6.2.17\spring-aspects-6.2.17.jar;C:\Users\ambar\.m2\repository\org\aspectj\aspectjweaver\1.9.25.1\aspectjweaver-1.9.25.1.jar;C:\Users\ambar\.m2\repository\io\lettuce\lettuce-core\6.6.0.RELEASE\lettuce-core-6.6.0.RELEASE.jar;C:\Users\ambar\.m2\repository\redis\clients\authentication\redis-authx-core\0.1.1-beta2\redis-authx-core-0.1.1-beta2.jar;C:\Users\ambar\.m2\repository\io\netty\netty-common\4.1.132.Final\netty-common-4.1.132.Final.jar;C:\Users\ambar\.m2\repository\io\netty\netty-handler\4.1.132.Final\netty-handler-4.1.132.Final.jar;C:\Users\ambar\.m2\repository\io\netty\netty-resolver\4.1.132.Final\netty-resolver-4.1.132.Final.jar;C:\Users\ambar\.m2\repository\io\netty\netty-buffer\4.1.132.Final\netty-buffer-4.1.132.Final.jar;C:\Users\ambar\.m2\repository\io\netty\netty-transport-native-unix-common\4.1.132.Final\netty-transport-native-unix-common-4.1.132.Final.jar;C:\Users\ambar\.m2\repository\io\netty\netty-codec\4.1.132.Final\netty-codec-4.1.132.Final.jar;C:\Users\ambar\.m2\repository\io\netty\netty-transport\4.1.132.Final\netty-transport-4.1.132.Final.jar;C:\Users\ambar\.m2\repository\io\projectreactor\reactor-core\3.7.17\reactor-core-3.7.17.jar;C:\Users\ambar\.m2\repository\org\reactivestreams\reactive-streams\1.0.4\reactive-streams-1.0.4.jar;C:\Users\ambar\.m2\repository\org\springframework\data\spring-data-redis\3.5.10\spring-data-redis-3.5.10.jar;C:\Users\ambar\.m2\repository\org\springframework\data\spring-data-keyvalue\3.5.10\spring-data-keyvalue-3.5.10.jar;C:\Users\ambar\.m2\repository\org\springframework\spring-oxm\6.2.17\spring-oxm-6.2.17.jar;C:\Users\ambar\.m2\repository\org\springframework\spring-context-support\6.2.17\spring-context-support-6.2.17.jar;C:\Users\ambar\.m2\repository\org\apache\tomcat\embed\tomcat-embed-el\10.1.53\tomcat-embed-el-10.1.53.jar;C:\Users\ambar\.m2\repository\org\hibernate\validator\hibernate-validator\8.0.3.Final\hibernate-validator-8.0.3.Final.jar;C:\Users\ambar\.m2\repository\jakarta\validation\jakarta.validation-api\3.0.2\jakarta.validation-api-3.0.2.jar;C:\Users\ambar\.m2\repository\com\fasterxml\jackson\datatype\jackson-datatype-jdk8\2.21.2\jackson-datatype-jdk8-2.21.2.jar;C:\Users\ambar\.m2\repository\com\fasterxml\jackson\module\jackson-module-parameter-names\2.21.2\jackson-module-parameter-names-2.21.2.jar;C:\Users\ambar\.m2\repository\org\apache\tomcat\embed\tomcat-embed-core\10.1.53\tomcat-embed-core-10.1.53.jar;C:\Users\ambar\.m2\repository\org\apache\tomcat\embed\tomcat-embed-websocket\10.1.53\tomcat-embed-websocket-10.1.53.jar;C:\Users\ambar\.m2\repository\org\springframework\spring-web\6.2.17\spring-web-6.2.17.jar;C:\Users\ambar\.m2\repository\org\springframework\spring-webmvc\6.2.17\spring-webmvc-6.2.17.jar;C:\Users\ambar\.m2\repository\org\springframework\spring-expression\6.2.17\spring-expression-6.2.17.jar;C:\Users\ambar\.m2\repository\org\springframework\cloud\spring-cloud-starter-gateway-server-webmvc\4.3.3\spring-cloud-starter-gateway-server-webmvc-4.3.3.jar;C:\Users\ambar\.m2\repository\org\springframework\cloud\spring-cloud-starter\4.3.1\spring-cloud-starter-4.3.1.jar;C:\Users\ambar\.m2\repository\org\springframework\cloud\spring-cloud-context\4.3.1\spring-cloud-context-4.3.1.jar;C:\Users\ambar\.m2\repository\org\bouncycastle\bcprov-jdk18on\1.80\bcprov-jdk18on-1.80.jar;C:\Users\ambar\.m2\repository\org\springframework\cloud\spring-cloud-gateway-server-webmvc\4.3.3\spring-cloud-gateway-server-webmvc-4.3.3.jar;C:\Users\ambar\.m2\repository\org\springframework\cloud\spring-cloud-gateway-server-mvc\4.3.3\spring-cloud-gateway-server-mvc-4.3.3.jar;C:\Users\ambar\.m2\repository\org\springframework\boot\spring-boot-properties-migrator\3.5.13\spring-boot-properties-migrator-3.5.13.jar;C:\Users\ambar\.m2\repository\org\springframework\boot\spring-boot-configuration-metadata\3.5.13\spring-boot-configuration-metadata-3.5.13.jar;C:\Users\ambar\.m2\repository\org\springframework\cloud\spring-cloud-starter-netflix-eureka-client\4.3.1\spring-cloud-starter-netflix-eureka-client-4.3.1.jar;C:\Users\ambar\.m2\repository\org\springframework\cloud\spring-cloud-netflix-eureka-client\4.3.1\spring-cloud-netflix-eureka-client-4.3.1.jar;C:\Users\ambar\.m2\repository\org\apache\httpcomponents\client5\httpclient5\5.5.2\httpclient5-5.5.2.jar;C:\Users\ambar\.m2\repository\org\apache\httpcomponents\core5\httpcore5\5.3.6\httpcore5-5.3.6.jar;C:\Users\ambar\.m2\repository\org\apache\httpcomponents\core5\httpcore5-h2\5.3.6\httpcore5-h2-5.3.6.jar;C:\Users\ambar\.m2\repository\com\netflix\eureka\eureka-client\2.0.5\eureka-client-2.0.5.jar;C:\Users\ambar\.m2\repository\com\thoughtworks\xstream\xstream\1.4.21\xstream-1.4.21.jar;C:\Users\ambar\.m2\repository\io\github\x-stream\mxparser\1.2.2\mxparser-1.2.2.jar;C:\Users\ambar\.m2\repository\xmlpull\xmlpull\1.1.3.1\xmlpull-1.1.3.1.jar;C:\Users\ambar\.m2\repository\jakarta\ws\rs\jakarta.ws.rs-api\3.1.0\jakarta.ws.rs-api-3.1.0.jar;C:\Users\ambar\.m2\repository\com\netflix\spectator\spectator-api\1.7.3\spectator-api-1.7.3.jar;C:\Users\ambar\.m2\repository\org\apache\httpcomponents\httpclient\4.5.3\httpclient-4.5.3.jar;C:\Users\ambar\.m2\repository\org\apache\httpcomponents\httpcore\4.4.16\httpcore-4.4.16.jar;C:\Users\ambar\.m2\repository\commons-codec\commons-codec\1.18.0\commons-codec-1.18.0.jar;C:\Users\ambar\.m2\repository\commons-configuration\commons-configuration\1.10\commons-configuration-1.10.jar;C:\Users\ambar\.m2\repository\commons-lang\commons-lang\2.6\commons-lang-2.6.jar;C:\Users\ambar\.m2\repository\com\fasterxml\jackson\core\jackson-annotations\2.21\jackson-annotations-2.21.jar;C:\Users\ambar\.m2\repository\com\fasterxml\jackson\core\jackson-core\2.21.2\jackson-core-2.21.2.jar;C:\Users\ambar\.m2\repository\com\netflix\netflix-commons\netflix-eventbus\0.3.0\netflix-eventbus-0.3.0.jar;C:\Users\ambar\.m2\repository\com\netflix\netflix-commons\netflix-infix\0.3.0\netflix-infix-0.3.0.jar;C:\Users\ambar\.m2\repository\commons-jxpath\commons-jxpath\1.3\commons-jxpath-1.3.jar;C:\Users\ambar\.m2\repository\joda-time\joda-time\2.3\joda-time-2.3.jar;C:\Users\ambar\.m2\repository\org\antlr\antlr-runtime\3.4\antlr-runtime-3.4.jar;C:\Users\ambar\.m2\repository\org\antlr\stringtemplate\3.2.1\stringtemplate-3.2.1.jar;C:\Users\ambar\.m2\repository\antlr\antlr\2.7.7\antlr-2.7.7.jar;C:\Users\ambar\.m2\repository\com\google\code\gson\gson\2.13.2\gson-2.13.2.jar;C:\Users\ambar\.m2\repository\com\netflix\servo\servo-core\0.5.3\servo-core-0.5.3.jar;C:\Users\ambar\.m2\repository\org\apache\commons\commons-math\2.2\commons-math-2.2.jar;C:\Users\ambar\.m2\repository\javax\annotation\javax.annotation-api\1.2\javax.annotation-api-1.2.jar;C:\Users\ambar\.m2\repository\org\codehaus\jettison\jettison\1.5.4\jettison-1.5.4.jar;C:\Users\ambar\.m2\repository\org\springframework\cloud\spring-cloud-starter-loadbalancer\4.3.1\spring-cloud-starter-loadbalancer-4.3.1.jar;C:\Users\ambar\.m2\repository\org\springframework\cloud\spring-cloud-loadbalancer\4.3.1\spring-cloud-loadbalancer-4.3.1.jar;C:\Users\ambar\.m2\repository\io\projectreactor\addons\reactor-extra\3.5.4\reactor-extra-3.5.4.jar;C:\Users\ambar\.m2\repository\com\stoyanr\evictor\1.0.0\evictor-1.0.0.jar;C:\Users\ambar\.m2\repository\org\springframework\kafka\spring-kafka\3.3.14\spring-kafka-3.3.14.jar;C:\Users\ambar\.m2\repository\org\springframework\spring-context\6.2.17\spring-context-6.2.17.jar;C:\Users\ambar\.m2\repository\org\springframework\spring-messaging\6.2.17\spring-messaging-6.2.17.jar;C:\Users\ambar\.m2\repository\org\springframework\spring-tx\6.2.17\spring-tx-6.2.17.jar;C:\Users\ambar\.m2\repository\org\springframework\retry\spring-retry\2.0.12\spring-retry-2.0.12.jar;C:\Users\ambar\.m2\repository\org\apache\kafka\kafka-clients\3.9.2\kafka-clients-3.9.2.jar;C:\Users\ambar\.m2\repository\com\github\luben\zstd-jni\1.5.6-4\zstd-jni-1.5.6-4.jar;C:\Users\ambar\.m2\repository\at\yawk\lz4\lz4-java\1.10.1\lz4-java-1.10.1.jar;C:\Users\ambar\.m2\repository\org\xerial\snappy\snappy-java\1.1.10.5\snappy-java-1.1.10.5.jar;C:\Users\ambar\.m2\repository\org\springframework\spring-aop\6.2.17\spring-aop-6.2.17.jar;C:\Users\ambar\.m2\repository\org\springframework\security\spring-security-config\6.5.9\spring-security-config-6.5.9.jar;C:\Users\ambar\.m2\repository\org\springframework\security\spring-security-core\6.5.9\spring-security-core-6.5.9.jar;C:\Users\ambar\.m2\repository\org\springframework\security\spring-security-web\6.5.9\spring-security-web-6.5.9.jar;C:\Users\ambar\.m2\repository\io\jsonwebtoken\jjwt-api\0.11.5\jjwt-api-0.11.5.jar;C:\Users\ambar\.m2\repository\io\jsonwebtoken\jjwt-impl\0.11.5\jjwt-impl-0.11.5.jar;C:\Users\ambar\.m2\repository\io\jsonwebtoken\jjwt-jackson\0.11.5\jjwt-jackson-0.11.5.jar;C:\Users\ambar\.m2\repository\com\fasterxml\jackson\core\jackson-databind\2.21.2\jackson-databind-2.21.2.jar;C:\Users\ambar\.m2\repository\org\springframework\boot\spring-boot-devtools\3.5.13\spring-boot-devtools-3.5.13.jar;C:\Users\ambar\.m2\repository\org\springframework\boot\spring-boot\3.5.13\spring-boot-3.5.13.jar;C:\Users\ambar\.m2\repository\org\springframework\boot\spring-boot-autoconfigure\3.5.13\spring-boot-autoconfigure-3.5.13.jar;C:\Users\ambar\.m2\repository\com\mysql\mysql-connector-j\9.6.0\mysql-connector-j-9.6.0.jar;C:\Users\ambar\.m2\repository\jakarta\xml\bind\jakarta.xml.bind-api\4.0.4\jakarta.xml.bind-api-4.0.4.jar;C:\Users\ambar\.m2\repository\jakarta\activation\jakarta.activation-api\2.1.4\jakarta.activation-api-2.1.4.jar;C:\Users\ambar\.m2\repository\com\vaadin\external\google\android-json\0.0.20131108.vaadin1\android-json-0.0.20131108.vaadin1.jar;C:\Users\ambar\.m2\repository\org\springframework\spring-core\6.2.17\spring-core-6.2.17.jar;C:\Users\ambar\.m2\repository\org\springframework\spring-jcl\6.2.17\spring-jcl-6.2.17.jar;C:\Users\ambar\.m2\repository\ch\qos\logback\logback-core\1.5.32\logback-core-1.5.32.jar;C:\Users\ambar\.m2\repository\ch\qos\logback\logback-classic\1.5.32\logback-classic-1.5.32.jar;C:\Users\ambar\.m2\repository\com\google\errorprone\error_prone_annotations\2.43.0\error_prone_annotations-2.43.0.jar;C:\Users\ambar\.m2\repository\org\apache\logging\log4j\log4j-to-slf4j\2.24.3\log4j-to-slf4j-2.24.3.jar;C:\Users\ambar\.m2\repository\org\apache\logging\log4j\log4j-api\2.24.3\log4j-api-2.24.3.jar;C:\Users\ambar\.m2\repository\org\slf4j\jul-to-slf4j\2.0.17\jul-to-slf4j-2.0.17.jar;C:\Users\ambar\.m2\repository\jakarta\annotation\jakarta.annotation-api\2.1.1\jakarta.annotation-api-2.1.1.jar;C:\Users\ambar\.m2\repository\org\yaml\snakeyaml\2.4\snakeyaml-2.4.jar;C:\Users\ambar\.m2\repository\org\springframework\cloud\spring-cloud-starter-circuitbreaker-resilience4j\3.3.1\spring-cloud-starter-circuitbreaker-resilience4j-3.3.1.jar;C:\Users\ambar\.m2\repository\org\springframework\cloud\spring-cloud-circuitbreaker-resilience4j\3.3.1\spring-cloud-circuitbreaker-resilience4j-3.3.1.jar;C:\Users\ambar\.m2\repository\io\github\resilience4j\resilience4j-spring-boot3\2.2.0\resilience4j-spring-boot3-2.2.0.jar;C:\Users\ambar\.m2\repository\io\github\resilience4j\resilience4j-spring6\2.2.0\resilience4j-spring6-2.2.0.jar;C:\Users\ambar\.m2\repository\io\github\resilience4j\resilience4j-annotations\2.2.0\resilience4j-annotations-2.2.0.jar;C:\Users\ambar\.m2\repository\io\github\resilience4j\resilience4j-consumer\2.2.0\resilience4j-consumer-2.2.0.jar;C:\Users\ambar\.m2\repository\io\github\resilience4j\resilience4j-circularbuffer\2.2.0\resilience4j-circularbuffer-2.2.0.jar;C:\Users\ambar\.m2\repository\io\github\resilience4j\resilience4j-framework-common\2.2.0\resilience4j-framework-common-2.2.0.jar;C:\Users\ambar\.m2\repository\io\github\resilience4j\resilience4j-micrometer\2.2.0\resilience4j-micrometer-2.2.0.jar;C:\Users\ambar\.m2\repository\io\github\resilience4j\resilience4j-retry\2.2.0\resilience4j-retry-2.2.0.jar;C:\Users\ambar\.m2\repository\io\github\resilience4j\resilience4j-ratelimiter\2.2.0\resilience4j-ratelimiter-2.2.0.jar;C:\Users\ambar\.m2\repository\io\github\resilience4j\resilience4j-circuitbreaker\2.2.0\resilience4j-circuitbreaker-2.2.0.jar;C:\Users\ambar\.m2\repository\io\github\resilience4j\resilience4j-core\2.2.0\resilience4j-core-2.2.0.jar;C:\Users\ambar\.m2\repository\io\github\resilience4j\resilience4j-timelimiter\2.2.0\resilience4j-timelimiter-2.2.0.jar;C:\Users\ambar\.m2\repository\org\springframework\cloud\spring-cloud-starter-openfeign\4.3.1\spring-cloud-starter-openfeign-4.3.1.jar;C:\Users\ambar\.m2\repository\org\springframework\cloud\spring-cloud-openfeign-core\4.3.1\spring-cloud-openfeign-core-4.3.1.jar;C:\Users\ambar\.m2\repository\io\github\openfeign\feign-form-spring\13.6\feign-form-spring-13.6.jar;C:\Users\ambar\.m2\repository\org\apache\commons\commons-text\1.13.0\commons-text-1.13.0.jar;C:\Users\ambar\.m2\repository\org\apache\commons\commons-lang3\3.17.0\commons-lang3-3.17.0.jar;C:\Users\ambar\.m2\repository\io\github\openfeign\feign-form\13.6\feign-form-13.6.jar;C:\Users\ambar\.m2\repository\commons-fileupload\commons-fileupload\1.5\commons-fileupload-1.5.jar;C:\Users\ambar\.m2\repository\org\springframework\cloud\spring-cloud-commons\4.3.1\spring-cloud-commons-4.3.1.jar;C:\Users\ambar\.m2\repository\org\springframework\security\spring-security-crypto\6.5.9\spring-security-crypto-6.5.9.jar;C:\Users\ambar\.m2\repository\io\github\openfeign\feign-core\13.6\feign-core-13.6.jar;C:\Users\ambar\.m2\repository\io\github\openfeign\feign-slf4j\13.6\feign-slf4j-13.6.jar
Launcher Type: SUN_STANDARD

[Global flags]
     intx CICompilerCount                          = 4                                         {product} {ergonomic}
     uint ConcGCThreads                            = 3                                         {product} {ergonomic}
     uint G1ConcRefinementThreads                  = 10                                        {product} {ergonomic}
   size_t G1HeapRegionSize                         = 1048576                                   {product} {ergonomic}
    uintx GCDrainStackTargetSize                   = 64                                        {product} {ergonomic}
   size_t InitialHeapSize                          = 130023424                                 {product} {ergonomic}
   size_t MarkStackSize                            = 4194304                                   {product} {ergonomic}
   size_t MaxHeapSize                              = 2065694720                                {product} {ergonomic}
   size_t MaxNewSize                               = 1239416832                                {product} {ergonomic}
   size_t MinHeapDeltaBytes                        = 1048576                                   {product} {ergonomic}
   size_t MinHeapSize                              = 8388608                                   {product} {ergonomic}
    uintx NonNMethodCodeHeapSize                   = 4096                                   {pd product} {ergonomic}
    uintx NonProfiledCodeHeapSize                  = 0                                      {pd product} {ergonomic}
     bool ProfileInterpreter                       = false                                  {pd product} {command line}
    uintx ProfiledCodeHeapSize                     = 0                                      {pd product} {ergonomic}
   size_t SoftMaxHeapSize                          = 2065694720                             {manageable} {ergonomic}
     intx TieredStopAtLevel                        = 1                                         {product} {command line}
     bool UseCompressedOops                        = true                           {product lp64_product} {ergonomic}
     bool UseG1GC                                  = true                                      {product} {ergonomic}
     bool UseLargePagesIndividualAllocation        = false                                  {pd product} {ergonomic}

Logging:
Log output configuration:
 #0: stdout all=warning uptime,level,tags foldmultilines=false
 #1: stderr all=off uptime,level,tags foldmultilines=false

Environment Variables:
JAVA_HOME=C:\Program Files\Java\jdk-21
PATH=C:\oracle21c\dbhome\bin;C:\Windows\System32;C:\WINDOWS\system32;C:\WINDOWS;C:\WINDOWS\System32\Wbem;C:\WINDOWS\System32\WindowsPowerShell\v1.0\;C:\WINDOWS\System32\OpenSSH\;C:\Program Files\dotnet\;C:\Program Files\MySQL\MySQL Server 8.0\bin;C:\Program Files\Docker\Docker\resources\bin;C:\Program Files\Git\cmd;C:\Program Files\PowerShell\7\;C:\oracle21c\dbhome\bin;C:\Windows\System32;C:\WINDOWS\system32;C:\WINDOWS;C:\WINDOWS\System32\Wbem;C:\WINDOWS\System32\WindowsPowerShell\v1.0\;C:\WINDOWS\System32\OpenSSH\;C:\Program Files\dotnet\;C:\Program Files\MySQL\MySQL Server 8.0\bin;C:\Program Files\Docker\Docker\resources\bin;C:\Program Files\PowerShell\7\;C:\Program Files\Git\cmd;C:/Users/ambar/OneDrive/Desktop/my folder/sts/sts-5.0.1.RELEASE//plugins/org.eclipse.justj.openjdk.hotspot.jre.full.win32.x86_64_25.0.1.v20251108-1451/jre/bin/server;C:/Users/ambar/OneDrive/Desktop/my folder/sts/sts-5.0.1.RELEASE//plugins/org.eclipse.justj.openjdk.hotspot.jre.full.win32.x86_64_25.0.1.v20251108-1451/jre/bin;C:\oracle21c\dbhome\bin;C:\Windows\System32;C:\WINDOWS\system32;C:\WINDOWS;C:\WINDOWS\System32\Wbem;C:\WINDOWS\System32\WindowsPowerShell\v1.0\;C:\WINDOWS\System32\OpenSSH\;C:\Program Files\dotnet\;C:\Program Files\MySQL\MySQL Server 8.0\bin;C:\Program Files\Docker\Docker\resources\bin;C:\Program Files\PowerShell\7\;C:\Program Files\Git\cmd;C:\Program Fi;C:\Users\ambar\AppData\Local\Microsoft\WinGet\Packages\infisical.infisical_Microsoft.Winget.Source_8wekyb3d8bbwe;C:\Program Files\nodejs\;C:\Users\ambar\AppData\Local\Programs\cursor\resources\app\bin;C:\Users\ambar\AppData\Local\Programs\Microsoft VS Code\bin
USERNAME=ambar
OS=Windows_NT
PROCESSOR_IDENTIFIER=Intel64 Family 6 Model 154 Stepping 4, GenuineIntel
TMP=C:\Users\ambar\AppData\Local\Temp
TEMP=C:\Users\ambar\AppData\Local\Temp




Periodic native trim disabled

---------------  S Y S T E M  ---------------

OS:
 Windows 11 , 64 bit Build 26100 (10.0.26100.8737)
OS uptime: 7 days 20:10 hours
Hyper-V role detected

CPU: total 12 (initial active 12) (6 cores per cpu, 2 threads per core) family 6 model 154 stepping 4 microcode 0x43b, cx8, cmov, fxsr, ht, mmx, 3dnowpref, sse, sse2, sse3, ssse3, sse4.1, sse4.2, popcnt, lzcnt, tsc, tscinvbit, avx, avx2, aes, erms, clmul, bmi1, bmi2, adx, sha, fma, vzeroupper, clflush, clflushopt, clwb, hv, serialize, rdtscp, rdpid, fsrm, f16c, cet_ibt, cet_ss
Processor Information for all 12 processors :
  Max Mhz: 1300, Current Mhz: 1300, Mhz Limit: 1300

Memory: 4k page, system-wide physical 7876M (162M free)
TotalPageFile size 32452M (AvailPageFile size 80M)
current process WorkingSet (physical memory assigned to process): 142M, peak: 393M
current process commit charge ("private bytes"): 508M, peak: 773M

vm_info: Java HotSpot(TM) 64-Bit Server VM (21.0.8+12-LTS-250) for windows-amd64 JRE (21.0.8+12-LTS-250), built on 2025-06-27T08:11:22Z by "mach5one" with MS VC++ 17.6 (VS2022)

END.
