#
# There is insufficient memory for the Java Runtime Environment to continue.
# Native memory allocation (malloc) failed to allocate 1096656 bytes for Chunk::new
# Possible reasons:
#   The system is out of physical RAM or swap space
#   The process is running with CompressedOops enabled, and the Java Heap may be blocking the growth of the native heap
# Possible solutions:
#   Reduce memory load on the system
#   Increase physical memory or swap space
#   Check if swap backing store is full
#   Decrease Java heap size (-Xmx/-Xms)
#   Decrease number of Java threads
#   Decrease Java thread stack sizes (-Xss)
#   Set larger code cache with -XX:ReservedCodeCacheSize=
#   JVM is running with Unscaled Compressed Oops mode in which the Java heap is
#     placed in the first 4GB address space. The Java Heap base address is the
#     maximum limit for the native heap growth. Please use -XX:HeapBaseMinAddress
#     to set the Java Heap base and to place the Java Heap above 4GB virtual address.
# This output file may be truncated or incomplete.
#
#  Out of Memory Error (arena.cpp:168), pid=24720, tid=31752
#
# JRE version: Java(TM) SE Runtime Environment (21.0.8+12) (build 21.0.8+12-LTS-250)
# Java VM: Java HotSpot(TM) 64-Bit Server VM (21.0.8+12-LTS-250, mixed mode, sharing, tiered, compressed oops, compressed class ptrs, g1 gc, windows-amd64)
# No core dump will be written. Minidumps are not enabled by default on client versions of Windows
#

---------------  S U M M A R Y ------------

Command Line: C:\Users\ambar\AppData\Local\Temp\surefire5582114731967335171\surefirebooter-20260714115927610_3.jar C:\Users\ambar\AppData\Local\Temp\surefire5582114731967335171 2026-07-14T11-59-26_409-jvmRun1 surefire-20260714115927610_1tmp surefire_0-20260714115927610_2tmp

Host: 12th Gen Intel(R) Core(TM) i5-1235U, 12 cores, 7G,  Windows 11 , 64 bit Build 26100 (10.0.26100.8737)
Time: Tue Jul 14 11:59:58 2026 India Standard Time elapsed time: 29.436040 seconds (0d 0h 0m 29s)

---------------  T H R E A D  ---------------

Current thread (0x00000273d7c29eb0):  JavaThread "C2 CompilerThread0" daemon [_thread_in_native, id=31752, stack(0x0000008e54200000,0x0000008e54300000) (1024K)]


Current CompileTask:
C2:  29444 6234       4       org.springframework.beans.factory.support.AbstractBeanFactory::isTypeMatch (745 bytes)

Stack: [0x0000008e54200000,0x0000008e54300000]
Native frames: (J=compiled Java code, j=interpreted, Vv=VM code, C=native code)
V  [jvm.dll+0x6cc179]
V  [jvm.dll+0x8584c1]
V  [jvm.dll+0x85a9ee]
V  [jvm.dll+0x85b0c3]
V  [jvm.dll+0x27ebf6]
V  [jvm.dll+0xc4f4d]
V  [jvm.dll+0xc5483]
V  [jvm.dll+0x2f209d]
V  [jvm.dll+0x5f6daa]
V  [jvm.dll+0x250702]
V  [jvm.dll+0x250abf]
V  [jvm.dll+0x2495dc]
V  [jvm.dll+0x246b44]
V  [jvm.dll+0x1c7a3e]
V  [jvm.dll+0x256359]
V  [jvm.dll+0x2548ea]
V  [jvm.dll+0x3efef6]
V  [jvm.dll+0x80279b]
V  [jvm.dll+0x6ca85d]
C  [ucrtbase.dll+0x2cd30]
C  [KERNEL32.DLL+0x2e957]
C  [ntdll.dll+0xaad6c]


---------------  P R O C E S S  ---------------

Threads class SMR info:
_java_thread_list=0x00000274219af0d0, length=15, elements={
0x00000273b8c45c90, 0x00000273d7c1b7a0, 0x00000273d7c1c1f0, 0x00000273d7c25750,
0x00000273d7c261a0, 0x00000273d7c27ea0, 0x00000273d7c29460, 0x00000273d7c29eb0,
0x00000273d7c52e90, 0x000002741d180e20, 0x000002741d1821d0, 0x000002741d180790,
0x000002741d17fa70, 0x000002741d181b40, 0x0000027421c075f0
}

Java Threads: ( => current thread )
  0x00000273b8c45c90 JavaThread "main"                              [_thread_in_native, id=27956, stack(0x0000008e53400000,0x0000008e53500000) (1024K)]
  0x00000273d7c1b7a0 JavaThread "Reference Handler"          daemon [_thread_blocked, id=5496, stack(0x0000008e53c00000,0x0000008e53d00000) (1024K)]
  0x00000273d7c1c1f0 JavaThread "Finalizer"                  daemon [_thread_blocked, id=7480, stack(0x0000008e53d00000,0x0000008e53e00000) (1024K)]
  0x00000273d7c25750 JavaThread "Signal Dispatcher"          daemon [_thread_blocked, id=3936, stack(0x0000008e53e00000,0x0000008e53f00000) (1024K)]
  0x00000273d7c261a0 JavaThread "Attach Listener"            daemon [_thread_blocked, id=7368, stack(0x0000008e53f00000,0x0000008e54000000) (1024K)]
  0x00000273d7c27ea0 JavaThread "Service Thread"             daemon [_thread_blocked, id=30456, stack(0x0000008e54000000,0x0000008e54100000) (1024K)]
  0x00000273d7c29460 JavaThread "Monitor Deflation Thread"   daemon [_thread_blocked, id=28168, stack(0x0000008e54100000,0x0000008e54200000) (1024K)]
=>0x00000273d7c29eb0 JavaThread "C2 CompilerThread0"         daemon [_thread_in_native, id=31752, stack(0x0000008e54200000,0x0000008e54300000) (1024K)]
  0x00000273d7c52e90 JavaThread "C1 CompilerThread0"         daemon [_thread_blocked, id=28032, stack(0x0000008e54300000,0x0000008e54400000) (1024K)]
  0x000002741d180e20 JavaThread "Notification Thread"        daemon [_thread_blocked, id=23180, stack(0x0000008e54400000,0x0000008e54500000) (1024K)]
  0x000002741d1821d0 JavaThread "Common-Cleaner"             daemon [_thread_blocked, id=15196, stack(0x0000008e54500000,0x0000008e54600000) (1024K)]
  0x000002741d180790 JavaThread "surefire-forkedjvm-stream-flusher" daemon [_thread_blocked, id=22384, stack(0x0000008e54600000,0x0000008e54700000) (1024K)]
  0x000002741d17fa70 JavaThread "surefire-forkedjvm-command-thread" daemon [_thread_in_native, id=1076, stack(0x0000008e54700000,0x0000008e54800000) (1024K)]
  0x000002741d181b40 JavaThread "lettuce-timer-3-1"          daemon [_thread_blocked, id=12356, stack(0x0000008e55100000,0x0000008e55200000) (1024K)]
  0x0000027421c075f0 JavaThread "C2 CompilerThread1"         daemon [_thread_in_native, id=24128, stack(0x0000008e55200000,0x0000008e55300000) (1024K)]
Total: 15

Other Threads:
  0x00000273d7c00080 VMThread "VM Thread"                           [id=30272, stack(0x0000008e53b00000,0x0000008e53c00000) (1024K)]
  0x00000273d7bebfe0 WatcherThread "VM Periodic Task Thread"        [id=21868, stack(0x0000008e53a00000,0x0000008e53b00000) (1024K)]
  0x00000273baf9f240 WorkerThread "GC Thread#0"                     [id=3932, stack(0x0000008e53500000,0x0000008e53600000) (1024K)]
  0x000002741e23ee60 WorkerThread "GC Thread#1"                     [id=12404, stack(0x0000008e54800000,0x0000008e54900000) (1024K)]
  0x000002741e1e7590 WorkerThread "GC Thread#2"                     [id=31596, stack(0x0000008e54900000,0x0000008e54a00000) (1024K)]
  0x000002741e1e7930 WorkerThread "GC Thread#3"                     [id=28980, stack(0x0000008e54a00000,0x0000008e54b00000) (1024K)]
  0x000002741e327960 WorkerThread "GC Thread#4"                     [id=8400, stack(0x0000008e54b00000,0x0000008e54c00000) (1024K)]
  0x000002741e332fa0 WorkerThread "GC Thread#5"                     [id=25268, stack(0x0000008e54c00000,0x0000008e54d00000) (1024K)]
  0x000002741e301ab0 WorkerThread "GC Thread#6"                     [id=5948, stack(0x0000008e54d00000,0x0000008e54e00000) (1024K)]
  0x000002741e80dcb0 WorkerThread "GC Thread#7"                     [id=13764, stack(0x0000008e54e00000,0x0000008e54f00000) (1024K)]
  0x000002741e80d1d0 WorkerThread "GC Thread#8"                     [id=28832, stack(0x0000008e54f00000,0x0000008e55000000) (1024K)]
  0x000002741e80e050 WorkerThread "GC Thread#9"                     [id=20880, stack(0x0000008e55000000,0x0000008e55100000) (1024K)]
  0x00000273bafaf770 ConcurrentGCThread "G1 Main Marker"            [id=7856, stack(0x0000008e53600000,0x0000008e53700000) (1024K)]
  0x00000273bafb2f10 WorkerThread "G1 Conc#0"                       [id=22744, stack(0x0000008e53700000,0x0000008e53800000) (1024K)]
  0x000002741e80d910 WorkerThread "G1 Conc#1"                       [id=22672, stack(0x0000008e55300000,0x0000008e55400000) (1024K)]
  0x000002741e80ce30 WorkerThread "G1 Conc#2"                       [id=15796, stack(0x0000008e55400000,0x0000008e55500000) (1024K)]
  0x00000273d7aba530 ConcurrentGCThread "G1 Refine#0"               [id=15660, stack(0x0000008e53800000,0x0000008e53900000) (1024K)]
  0x00000273d7abbd60 ConcurrentGCThread "G1 Service"                [id=21544, stack(0x0000008e53900000,0x0000008e53a00000) (1024K)]
Total: 18

Threads with active compile tasks:
C2 CompilerThread0    30090 6234       4       org.springframework.beans.factory.support.AbstractBeanFactory::isTypeMatch (745 bytes)
C2 CompilerThread1    30090 6247       4       org.springframework.core.annotation.AnnotationsScanner::getDeclaredAnnotations (166 bytes)
Total: 2

VM state: not at safepoint (normal execution)

VM Mutex/Monitor currently owned by a thread: None

Heap address: 0x0000000084e00000, size: 1970 MB, Compressed Oops mode: 32-bit

CDS archive(s) mapped at: [0x00000273d8000000-0x00000273d8c90000-0x00000273d8c90000), size 13172736, SharedBaseAddress: 0x00000273d8000000, ArchiveRelocationMode: 1.
Compressed class space mapped at: 0x00000273d9000000-0x0000027419000000, reserved size: 1073741824
Narrow klass base: 0x00000273d8000000, Narrow klass shift: 0, Narrow klass range: 0x100000000

GC Precious Log:
 CardTable entry size: 512
 Card Set container configuration: InlinePtr #cards 5 size 8 Array Of Cards #cards 12 size 40 Howl #buckets 4 coarsen threshold 1843 Howl Bitmap #cards 512 size 80 coarsen threshold 460 Card regions per heap region 1 cards per card region 2048
 CPUs: 12 total, 12 available
 Memory: 7876M
 Large Page Support: Disabled
 NUMA Support: Disabled
 Compressed Oops: Enabled (32-bit)
 Heap Region Size: 1M
 Heap Min Capacity: 8M
 Heap Initial Capacity: 124M
 Heap Max Capacity: 1970M
 Pre-touch: Disabled
 Parallel Workers: 10
 Concurrent Workers: 3
 Concurrent Refinement Workers: 10
 Periodic GC: Disabled

Heap:
 garbage-first heap   total 107520K, used 45235K [0x0000000084e00000, 0x0000000100000000)
  region size 1024K, 8 young (8192K), 3 survivors (3072K)
 Metaspace       used 49717K, committed 50304K, reserved 1114112K
  class space    used 6507K, committed 6784K, reserved 1048576K

Heap Regions: E=young(eden), S=young(survivor), O=old, HS=humongous(starts), HC=humongous(continues), CS=collection set, F=free, TAMS=top-at-mark-start, PB=parsable bottom
|   0|0x0000000084e00000, 0x0000000084f00000, 0x0000000084f00000|100%|HS|  |TAMS 0x0000000084e00000| PB 0x0000000084e00000| Complete 
|   1|0x0000000084f00000, 0x0000000085000000, 0x0000000085000000|100%|HS|  |TAMS 0x0000000084f00000| PB 0x0000000084f00000| Complete 
|   2|0x0000000085000000, 0x0000000085100000, 0x0000000085100000|100%|HS|  |TAMS 0x0000000085000000| PB 0x0000000085000000| Complete 
|   3|0x0000000085100000, 0x0000000085200000, 0x0000000085200000|100%| O|  |TAMS 0x0000000085100000| PB 0x0000000085100000| Untracked 
|   4|0x0000000085200000, 0x0000000085300000, 0x0000000085300000|100%| O|  |TAMS 0x0000000085200000| PB 0x0000000085200000| Untracked 
|   5|0x0000000085300000, 0x0000000085400000, 0x0000000085400000|100%| O|  |TAMS 0x0000000085300000| PB 0x0000000085300000| Untracked 
|   6|0x0000000085400000, 0x0000000085500000, 0x0000000085500000|100%| O|  |TAMS 0x0000000085400000| PB 0x0000000085400000| Untracked 
|   7|0x0000000085500000, 0x0000000085600000, 0x0000000085600000|100%| O|  |TAMS 0x0000000085500000| PB 0x0000000085500000| Untracked 
|   8|0x0000000085600000, 0x0000000085700000, 0x0000000085700000|100%| O|  |TAMS 0x0000000085600000| PB 0x0000000085600000| Untracked 
|   9|0x0000000085700000, 0x0000000085800000, 0x0000000085800000|100%| O|  |TAMS 0x0000000085700000| PB 0x0000000085700000| Untracked 
|  10|0x0000000085800000, 0x0000000085900000, 0x0000000085900000|100%| O|  |TAMS 0x0000000085800000| PB 0x0000000085800000| Untracked 
|  11|0x0000000085900000, 0x0000000085a00000, 0x0000000085a00000|100%| O|  |TAMS 0x0000000085900000| PB 0x0000000085900000| Untracked 
|  12|0x0000000085a00000, 0x0000000085b00000, 0x0000000085b00000|100%| O|  |TAMS 0x0000000085a00000| PB 0x0000000085a00000| Untracked 
|  13|0x0000000085b00000, 0x0000000085c00000, 0x0000000085c00000|100%| O|  |TAMS 0x0000000085b00000| PB 0x0000000085b00000| Untracked 
|  14|0x0000000085c00000, 0x0000000085d00000, 0x0000000085d00000|100%| O|  |TAMS 0x0000000085c00000| PB 0x0000000085c00000| Untracked 
|  15|0x0000000085d00000, 0x0000000085e00000, 0x0000000085e00000|100%| O|  |TAMS 0x0000000085d00000| PB 0x0000000085d00000| Untracked 
|  16|0x0000000085e00000, 0x0000000085f00000, 0x0000000085f00000|100%| O|  |TAMS 0x0000000085e00000| PB 0x0000000085e00000| Untracked 
|  17|0x0000000085f00000, 0x0000000086000000, 0x0000000086000000|100%| O|  |TAMS 0x0000000085f00000| PB 0x0000000085f00000| Untracked 
|  18|0x0000000086000000, 0x0000000086100000, 0x0000000086100000|100%| O|  |TAMS 0x0000000086000000| PB 0x0000000086000000| Untracked 
|  19|0x0000000086100000, 0x0000000086200000, 0x0000000086200000|100%| O|  |TAMS 0x0000000086100000| PB 0x0000000086100000| Untracked 
|  20|0x0000000086200000, 0x0000000086300000, 0x0000000086300000|100%| O|  |TAMS 0x0000000086200000| PB 0x0000000086200000| Untracked 
|  21|0x0000000086300000, 0x0000000086400000, 0x0000000086400000|100%| O|  |TAMS 0x0000000086300000| PB 0x0000000086300000| Untracked 
|  22|0x0000000086400000, 0x0000000086500000, 0x0000000086500000|100%| O|  |TAMS 0x0000000086400000| PB 0x0000000086400000| Untracked 
|  23|0x0000000086500000, 0x0000000086600000, 0x0000000086600000|100%| O|  |TAMS 0x0000000086500000| PB 0x0000000086500000| Untracked 
|  24|0x0000000086600000, 0x0000000086700000, 0x0000000086700000|100%| O|  |TAMS 0x0000000086600000| PB 0x0000000086600000| Untracked 
|  25|0x0000000086700000, 0x0000000086800000, 0x0000000086800000|100%| O|  |TAMS 0x0000000086700000| PB 0x0000000086700000| Untracked 
|  26|0x0000000086800000, 0x0000000086900000, 0x0000000086900000|100%| O|  |TAMS 0x0000000086800000| PB 0x0000000086800000| Untracked 
|  27|0x0000000086900000, 0x0000000086a00000, 0x0000000086a00000|100%| O|  |TAMS 0x0000000086900000| PB 0x0000000086900000| Untracked 
|  28|0x0000000086a00000, 0x0000000086b00000, 0x0000000086b00000|100%| O|  |TAMS 0x0000000086a00000| PB 0x0000000086a00000| Untracked 
|  29|0x0000000086b00000, 0x0000000086c00000, 0x0000000086c00000|100%| O|  |TAMS 0x0000000086b00000| PB 0x0000000086b00000| Untracked 
|  30|0x0000000086c00000, 0x0000000086d00000, 0x0000000086d00000|100%| O|  |TAMS 0x0000000086c00000| PB 0x0000000086c00000| Untracked 
|  31|0x0000000086d00000, 0x0000000086e00000, 0x0000000086e00000|100%| O|  |TAMS 0x0000000086d00000| PB 0x0000000086d00000| Untracked 
|  32|0x0000000086e00000, 0x0000000086f00000, 0x0000000086f00000|100%| O|  |TAMS 0x0000000086e00000| PB 0x0000000086e00000| Untracked 
|  33|0x0000000086f00000, 0x0000000087000000, 0x0000000087000000|100%| O|  |TAMS 0x0000000086f00000| PB 0x0000000086f00000| Untracked 
|  34|0x0000000087000000, 0x0000000087100000, 0x0000000087100000|100%| O|  |TAMS 0x0000000087000000| PB 0x0000000087000000| Untracked 
|  35|0x0000000087100000, 0x0000000087200000, 0x0000000087200000|100%| O|  |TAMS 0x0000000087100000| PB 0x0000000087100000| Untracked 
|  36|0x0000000087200000, 0x0000000087300000, 0x0000000087300000|100%| O|  |TAMS 0x0000000087200000| PB 0x0000000087200000| Untracked 
|  37|0x0000000087300000, 0x0000000087300000, 0x0000000087400000|  0%| F|  |TAMS 0x0000000087300000| PB 0x0000000087300000| Untracked 
|  38|0x0000000087400000, 0x0000000087400000, 0x0000000087500000|  0%| F|  |TAMS 0x0000000087400000| PB 0x0000000087400000| Untracked 
|  39|0x0000000087500000, 0x0000000087500000, 0x0000000087600000|  0%| F|  |TAMS 0x0000000087500000| PB 0x0000000087500000| Untracked 
|  40|0x0000000087600000, 0x00000000876acd60, 0x0000000087700000| 67%| O|  |TAMS 0x0000000087600000| PB 0x0000000087600000| Untracked 
|  41|0x0000000087700000, 0x0000000087700000, 0x0000000087800000|  0%| F|  |TAMS 0x0000000087700000| PB 0x0000000087700000| Untracked 
|  42|0x0000000087800000, 0x0000000087800000, 0x0000000087900000|  0%| F|  |TAMS 0x0000000087800000| PB 0x0000000087800000| Untracked 
|  43|0x0000000087900000, 0x0000000087900000, 0x0000000087a00000|  0%| F|  |TAMS 0x0000000087900000| PB 0x0000000087900000| Untracked 
|  44|0x0000000087a00000, 0x0000000087a80000, 0x0000000087b00000| 50%| S|CS|TAMS 0x0000000087a00000| PB 0x0000000087a00000| Complete 
|  45|0x0000000087b00000, 0x0000000087b00000, 0x0000000087c00000|  0%| F|  |TAMS 0x0000000087b00000| PB 0x0000000087b00000| Untracked 
|  46|0x0000000087c00000, 0x0000000087c00000, 0x0000000087d00000|  0%| F|  |TAMS 0x0000000087c00000| PB 0x0000000087c00000| Untracked 
|  47|0x0000000087d00000, 0x0000000087d00000, 0x0000000087e00000|  0%| F|  |TAMS 0x0000000087d00000| PB 0x0000000087d00000| Untracked 
|  48|0x0000000087e00000, 0x0000000087f00000, 0x0000000087f00000|100%| S|CS|TAMS 0x0000000087e00000| PB 0x0000000087e00000| Complete 
|  49|0x0000000087f00000, 0x0000000088000000, 0x0000000088000000|100%| S|CS|TAMS 0x0000000087f00000| PB 0x0000000087f00000| Complete 
|  50|0x0000000088000000, 0x0000000088000000, 0x0000000088100000|  0%| F|  |TAMS 0x0000000088000000| PB 0x0000000088000000| Untracked 
|  51|0x0000000088100000, 0x0000000088100000, 0x0000000088200000|  0%| F|  |TAMS 0x0000000088100000| PB 0x0000000088100000| Untracked 
|  52|0x0000000088200000, 0x0000000088200000, 0x0000000088300000|  0%| F|  |TAMS 0x0000000088200000| PB 0x0000000088200000| Untracked 
|  53|0x0000000088300000, 0x0000000088300000, 0x0000000088400000|  0%| F|  |TAMS 0x0000000088300000| PB 0x0000000088300000| Untracked 
|  54|0x0000000088400000, 0x0000000088400000, 0x0000000088500000|  0%| F|  |TAMS 0x0000000088400000| PB 0x0000000088400000| Untracked 
|  55|0x0000000088500000, 0x0000000088500000, 0x0000000088600000|  0%| F|  |TAMS 0x0000000088500000| PB 0x0000000088500000| Untracked 
|  56|0x0000000088600000, 0x0000000088600000, 0x0000000088700000|  0%| F|  |TAMS 0x0000000088600000| PB 0x0000000088600000| Untracked 
|  57|0x0000000088700000, 0x0000000088700000, 0x0000000088800000|  0%| F|  |TAMS 0x0000000088700000| PB 0x0000000088700000| Untracked 
|  58|0x0000000088800000, 0x0000000088800000, 0x0000000088900000|  0%| F|  |TAMS 0x0000000088800000| PB 0x0000000088800000| Untracked 
|  59|0x0000000088900000, 0x0000000088900000, 0x0000000088a00000|  0%| F|  |TAMS 0x0000000088900000| PB 0x0000000088900000| Untracked 
|  60|0x0000000088a00000, 0x0000000088a00000, 0x0000000088b00000|  0%| F|  |TAMS 0x0000000088a00000| PB 0x0000000088a00000| Untracked 
|  61|0x0000000088b00000, 0x0000000088b00000, 0x0000000088c00000|  0%| F|  |TAMS 0x0000000088b00000| PB 0x0000000088b00000| Untracked 
|  62|0x0000000088c00000, 0x0000000088c00000, 0x0000000088d00000|  0%| F|  |TAMS 0x0000000088c00000| PB 0x0000000088c00000| Untracked 
|  63|0x0000000088d00000, 0x0000000088d00000, 0x0000000088e00000|  0%| F|  |TAMS 0x0000000088d00000| PB 0x0000000088d00000| Untracked 
|  64|0x0000000088e00000, 0x0000000088e00000, 0x0000000088f00000|  0%| F|  |TAMS 0x0000000088e00000| PB 0x0000000088e00000| Untracked 
|  65|0x0000000088f00000, 0x0000000088f00000, 0x0000000089000000|  0%| F|  |TAMS 0x0000000088f00000| PB 0x0000000088f00000| Untracked 
|  66|0x0000000089000000, 0x0000000089000000, 0x0000000089100000|  0%| F|  |TAMS 0x0000000089000000| PB 0x0000000089000000| Untracked 
|  67|0x0000000089100000, 0x0000000089100000, 0x0000000089200000|  0%| F|  |TAMS 0x0000000089100000| PB 0x0000000089100000| Untracked 
|  68|0x0000000089200000, 0x0000000089200000, 0x0000000089300000|  0%| F|  |TAMS 0x0000000089200000| PB 0x0000000089200000| Untracked 
|  69|0x0000000089300000, 0x0000000089300000, 0x0000000089400000|  0%| F|  |TAMS 0x0000000089300000| PB 0x0000000089300000| Untracked 
|  70|0x0000000089400000, 0x0000000089400000, 0x0000000089500000|  0%| F|  |TAMS 0x0000000089400000| PB 0x0000000089400000| Untracked 
|  71|0x0000000089500000, 0x0000000089500000, 0x0000000089600000|  0%| F|  |TAMS 0x0000000089500000| PB 0x0000000089500000| Untracked 
|  72|0x0000000089600000, 0x0000000089600000, 0x0000000089700000|  0%| F|  |TAMS 0x0000000089600000| PB 0x0000000089600000| Untracked 
|  73|0x0000000089700000, 0x0000000089700000, 0x0000000089800000|  0%| F|  |TAMS 0x0000000089700000| PB 0x0000000089700000| Untracked 
|  74|0x0000000089800000, 0x0000000089800000, 0x0000000089900000|  0%| F|  |TAMS 0x0000000089800000| PB 0x0000000089800000| Untracked 
|  75|0x0000000089900000, 0x0000000089900000, 0x0000000089a00000|  0%| F|  |TAMS 0x0000000089900000| PB 0x0000000089900000| Untracked 
|  76|0x0000000089a00000, 0x0000000089a00000, 0x0000000089b00000|  0%| F|  |TAMS 0x0000000089a00000| PB 0x0000000089a00000| Untracked 
|  77|0x0000000089b00000, 0x0000000089b00000, 0x0000000089c00000|  0%| F|  |TAMS 0x0000000089b00000| PB 0x0000000089b00000| Untracked 
|  78|0x0000000089c00000, 0x0000000089c00000, 0x0000000089d00000|  0%| F|  |TAMS 0x0000000089c00000| PB 0x0000000089c00000| Untracked 
|  79|0x0000000089d00000, 0x0000000089d00000, 0x0000000089e00000|  0%| F|  |TAMS 0x0000000089d00000| PB 0x0000000089d00000| Untracked 
|  80|0x0000000089e00000, 0x0000000089e00000, 0x0000000089f00000|  0%| F|  |TAMS 0x0000000089e00000| PB 0x0000000089e00000| Untracked 
|  81|0x0000000089f00000, 0x0000000089f00000, 0x000000008a000000|  0%| F|  |TAMS 0x0000000089f00000| PB 0x0000000089f00000| Untracked 
|  82|0x000000008a000000, 0x000000008a000000, 0x000000008a100000|  0%| F|  |TAMS 0x000000008a000000| PB 0x000000008a000000| Untracked 
|  83|0x000000008a100000, 0x000000008a100000, 0x000000008a200000|  0%| F|  |TAMS 0x000000008a100000| PB 0x000000008a100000| Untracked 
|  84|0x000000008a200000, 0x000000008a200000, 0x000000008a300000|  0%| F|  |TAMS 0x000000008a200000| PB 0x000000008a200000| Untracked 
|  85|0x000000008a300000, 0x000000008a300000, 0x000000008a400000|  0%| F|  |TAMS 0x000000008a300000| PB 0x000000008a300000| Untracked 
|  86|0x000000008a400000, 0x000000008a400000, 0x000000008a500000|  0%| F|  |TAMS 0x000000008a400000| PB 0x000000008a400000| Untracked 
|  87|0x000000008a500000, 0x000000008a500000, 0x000000008a600000|  0%| F|  |TAMS 0x000000008a500000| PB 0x000000008a500000| Untracked 
|  88|0x000000008a600000, 0x000000008a600000, 0x000000008a700000|  0%| F|  |TAMS 0x000000008a600000| PB 0x000000008a600000| Untracked 
|  89|0x000000008a700000, 0x000000008a700000, 0x000000008a800000|  0%| F|  |TAMS 0x000000008a700000| PB 0x000000008a700000| Untracked 
|  90|0x000000008a800000, 0x000000008a800000, 0x000000008a900000|  0%| F|  |TAMS 0x000000008a800000| PB 0x000000008a800000| Untracked 
|  91|0x000000008a900000, 0x000000008a900000, 0x000000008aa00000|  0%| F|  |TAMS 0x000000008a900000| PB 0x000000008a900000| Untracked 
|  92|0x000000008aa00000, 0x000000008aa00000, 0x000000008ab00000|  0%| F|  |TAMS 0x000000008aa00000| PB 0x000000008aa00000| Untracked 
|  93|0x000000008ab00000, 0x000000008ab00000, 0x000000008ac00000|  0%| F|  |TAMS 0x000000008ab00000| PB 0x000000008ab00000| Untracked 
|  94|0x000000008ac00000, 0x000000008ac00000, 0x000000008ad00000|  0%| F|  |TAMS 0x000000008ac00000| PB 0x000000008ac00000| Untracked 
|  95|0x000000008ad00000, 0x000000008ad00000, 0x000000008ae00000|  0%| F|  |TAMS 0x000000008ad00000| PB 0x000000008ad00000| Untracked 
|  96|0x000000008ae00000, 0x000000008ae00000, 0x000000008af00000|  0%| F|  |TAMS 0x000000008ae00000| PB 0x000000008ae00000| Untracked 
|  97|0x000000008af00000, 0x000000008af00000, 0x000000008b000000|  0%| F|  |TAMS 0x000000008af00000| PB 0x000000008af00000| Untracked 
|  98|0x000000008b000000, 0x000000008b000000, 0x000000008b100000|  0%| F|  |TAMS 0x000000008b000000| PB 0x000000008b000000| Untracked 
|  99|0x000000008b100000, 0x000000008b100000, 0x000000008b200000|  0%| F|  |TAMS 0x000000008b100000| PB 0x000000008b100000| Untracked 
| 100|0x000000008b200000, 0x000000008b300000, 0x000000008b300000|100%| E|  |TAMS 0x000000008b200000| PB 0x000000008b200000| Complete 
| 101|0x000000008b300000, 0x000000008b400000, 0x000000008b400000|100%| E|CS|TAMS 0x000000008b300000| PB 0x000000008b300000| Complete 
| 102|0x000000008b400000, 0x000000008b500000, 0x000000008b500000|100%| E|CS|TAMS 0x000000008b400000| PB 0x000000008b400000| Complete 
| 103|0x000000008b500000, 0x000000008b600000, 0x000000008b600000|100%| E|CS|TAMS 0x000000008b500000| PB 0x000000008b500000| Complete 
| 123|0x000000008c900000, 0x000000008ca00000, 0x000000008ca00000|100%| E|CS|TAMS 0x000000008c900000| PB 0x000000008c900000| Complete 

Card table byte_map: [0x00000273d2d10000,0x00000273d30f0000] _byte_map_base: 0x00000273d28e9000

Marking Bits: (CMBitMap*) 0x00000273baf9f850
 Bits: [0x00000273d30f0000, 0x00000273d4fb8000)

Polling page: 0x00000273b8e60000

Metaspace:

Usage:
  Non-class:     42.21 MB used.
      Class:      6.36 MB used.
       Both:     48.58 MB used.

Virtual space:
  Non-class space:       64.00 MB reserved,      42.50 MB ( 66%) committed,  1 nodes.
      Class space:        1.00 GB reserved,       6.62 MB ( <1%) committed,  1 nodes.
             Both:        1.06 GB reserved,      49.12 MB (  5%) committed. 

Chunk freelists:
   Non-Class:  4.95 MB
       Class:  9.23 MB
        Both:  14.19 MB

MaxMetaspaceSize: unlimited
CompressedClassSpaceSize: 1.00 GB
Initial GC threshold: 21.00 MB
Current GC threshold: 58.69 MB
CDS: on
 - commit_granule_bytes: 65536.
 - commit_granule_words: 8192.
 - virtual_space_node_default_size: 8388608.
 - enlarge_chunks_in_place: 1.
 - use_allocation_guard: 0.


Internal statistics:

num_allocs_failed_limit: 10.
num_arena_births: 674.
num_arena_deaths: 0.
num_vsnodes_births: 2.
num_vsnodes_deaths: 0.
num_space_committed: 786.
num_space_uncommitted: 0.
num_chunks_returned_to_freelist: 10.
num_chunks_taken_from_freelist: 2550.
num_chunk_merges: 10.
num_chunk_splits: 1763.
num_chunks_enlarged: 1326.
num_inconsistent_stats: 0.

CodeHeap 'non-profiled nmethods': size=120000Kb used=3938Kb max_used=3938Kb free=116061Kb
 bounds [0x00000273caeb0000, 0x00000273cb290000, 0x00000273d23e0000]
CodeHeap 'profiled nmethods': size=120000Kb used=12479Kb max_used=12479Kb free=107520Kb
 bounds [0x00000273c33e0000, 0x00000273c4020000, 0x00000273ca910000]
CodeHeap 'non-nmethods': size=5760Kb used=1512Kb max_used=1551Kb free=4247Kb
 bounds [0x00000273ca910000, 0x00000273cab80000, 0x00000273caeb0000]
 total_blobs=6359 nmethods=5776 adapters=487
 compilation: enabled
              stopped_count=0, restarted_count=0
 full_count=0

Compilation events (20 events):
Event: 27.972 Thread 0x00000273d7c29eb0 nmethod 6218 0x00000273cb286490 code [0x00000273cb286640, 0x00000273cb2868a8]
Event: 27.972 Thread 0x00000273d7c29eb0 6204       4       java.lang.ref.Reference::enqueueFromPending (19 bytes)
Event: 27.991 Thread 0x00000273d7c29eb0 nmethod 6204 0x00000273cb286a10 code [0x00000273cb286cc0, 0x00000273cb287da0]
Event: 28.061 Thread 0x00000273d7c52e90 6227       3       java.util.concurrent.ThreadPoolExecutor$Worker::lock (6 bytes)
Event: 28.062 Thread 0x00000273d7c52e90 nmethod 6227 0x00000273c4007d90 code [0x00000273c4007f40, 0x00000273c4008080]
Event: 28.062 Thread 0x00000273d7c52e90 6228       3       java.util.concurrent.ThreadPoolExecutor::beforeExecute (1 bytes)
Event: 28.062 Thread 0x00000273d7c52e90 nmethod 6228 0x00000273c3805510 code [0x00000273c38056a0, 0x00000273c38057a8]
Event: 28.062 Thread 0x00000273d7c52e90 6229       3       java.util.concurrent.ScheduledThreadPoolExecutor$DelayedWorkQueue::take (5 bytes)
Event: 28.062 Thread 0x00000273d7c52e90 nmethod 6229 0x00000273c4008110 code [0x00000273c40082c0, 0x00000273c4008418]
Event: 28.161 Thread 0x00000273d7c52e90 6230       3       java.util.concurrent.ScheduledThreadPoolExecutor$DelayedWorkQueue::finishPoll (43 bytes)
Event: 28.163 Thread 0x00000273d7c52e90 nmethod 6230 0x00000273c4008510 code [0x00000273c4008700, 0x00000273c4008cd8]
Event: 28.163 Thread 0x00000273d7c52e90 6232       3       java.util.concurrent.locks.AbstractQueuedSynchronizer$ConditionObject::awaitNanos (207 bytes)
Event: 28.166 Thread 0x00000273d7c29eb0 6234       4       org.springframework.beans.factory.support.AbstractBeanFactory::isTypeMatch (745 bytes)
Event: 28.170 Thread 0x00000273d7c52e90 nmethod 6232 0x00000273c4008e90 code [0x00000273c4009180, 0x00000273c400a0c0]
Event: 28.170 Thread 0x00000273d7c52e90 6231       3       java.util.concurrent.ScheduledThreadPoolExecutor$ScheduledFutureTask::run (57 bytes)
Event: 28.171 Thread 0x00000273d7c52e90 nmethod 6231 0x00000273c400a690 code [0x00000273c400a8c0, 0x00000273c400ae48]
Event: 28.171 Thread 0x00000273d7c52e90 6235       3       org.springframework.core.ResolvableType::isInstance (21 bytes)
Event: 28.172 Thread 0x00000273d7c52e90 nmethod 6235 0x00000273c400b010 code [0x00000273c400b1c0, 0x00000273c400b448]
Event: 28.172 Thread 0x00000273d7c52e90 6233       1       org.springframework.beans.factory.InjectionPoint::getMethodParameter (5 bytes)
Event: 28.172 Thread 0x00000273d7c52e90 nmethod 6233 0x00000273cb288490 code [0x00000273cb288620, 0x00000273cb2886e8]

GC Heap History (20 events):
Event: 1.814 GC heap before
{Heap before GC invocations=0 (full 0):
 garbage-first heap   total 126976K, used 26624K [0x0000000084e00000, 0x0000000100000000)
  region size 1024K, 23 young (23552K), 0 survivors (0K)
 Metaspace       used 3134K, committed 3328K, reserved 1114112K
  class space    used 327K, committed 448K, reserved 1048576K
}
Event: 1.839 GC heap after
{Heap after GC invocations=1 (full 0):
 garbage-first heap   total 126976K, used 14496K [0x0000000084e00000, 0x0000000100000000)
  region size 1024K, 3 young (3072K), 3 survivors (3072K)
 Metaspace       used 3134K, committed 3328K, reserved 1114112K
  class space    used 327K, committed 448K, reserved 1048576K
}
Event: 3.515 GC heap before
{Heap before GC invocations=1 (full 0):
 garbage-first heap   total 126976K, used 33952K [0x0000000084e00000, 0x0000000100000000)
  region size 1024K, 22 young (22528K), 3 survivors (3072K)
 Metaspace       used 7746K, committed 8000K, reserved 1114112K
  class space    used 967K, committed 1088K, reserved 1048576K
}
Event: 3.532 GC heap after
{Heap after GC invocations=2 (full 0):
 garbage-first heap   total 126976K, used 16351K [0x0000000084e00000, 0x0000000100000000)
  region size 1024K, 2 young (2048K), 2 survivors (2048K)
 Metaspace       used 7746K, committed 8000K, reserved 1114112K
  class space    used 967K, committed 1088K, reserved 1048576K
}
Event: 6.827 GC heap before
{Heap before GC invocations=2 (full 0):
 garbage-first heap   total 126976K, used 58335K [0x0000000084e00000, 0x0000000100000000)
  region size 1024K, 39 young (39936K), 2 survivors (2048K)
 Metaspace       used 15472K, committed 15744K, reserved 1114112K
  class space    used 1945K, committed 2048K, reserved 1048576K
}
Event: 6.854 GC heap after
{Heap after GC invocations=3 (full 0):
 garbage-first heap   total 126976K, used 21719K [0x0000000084e00000, 0x0000000100000000)
  region size 1024K, 5 young (5120K), 5 survivors (5120K)
 Metaspace       used 15472K, committed 15744K, reserved 1114112K
  class space    used 1945K, committed 2048K, reserved 1048576K
}
Event: 9.528 GC heap before
{Heap before GC invocations=3 (full 0):
 garbage-first heap   total 126976K, used 74967K [0x0000000084e00000, 0x0000000100000000)
  region size 1024K, 51 young (52224K), 5 survivors (5120K)
 Metaspace       used 21162K, committed 21504K, reserved 1114112K
  class space    used 2822K, committed 3008K, reserved 1048576K
}
Event: 9.545 GC heap after
{Heap after GC invocations=4 (full 0):
 garbage-first heap   total 126976K, used 23977K [0x0000000084e00000, 0x0000000100000000)
  region size 1024K, 8 young (8192K), 8 survivors (8192K)
 Metaspace       used 21162K, committed 21504K, reserved 1114112K
  class space    used 2822K, committed 3008K, reserved 1048576K
}
Event: 12.024 GC heap before
{Heap before GC invocations=5 (full 0):
 garbage-first heap   total 89088K, used 68009K [0x0000000084e00000, 0x0000000100000000)
  region size 1024K, 52 young (53248K), 8 survivors (8192K)
 Metaspace       used 29415K, committed 29888K, reserved 1114112K
  class space    used 3748K, committed 3968K, reserved 1048576K
}
Event: 12.061 GC heap after
{Heap after GC invocations=6 (full 0):
 garbage-first heap   total 89088K, used 28693K [0x0000000084e00000, 0x0000000100000000)
  region size 1024K, 7 young (7168K), 7 survivors (7168K)
 Metaspace       used 29415K, committed 29888K, reserved 1114112K
  class space    used 3748K, committed 3968K, reserved 1048576K
}
Event: 15.212 GC heap before
{Heap before GC invocations=6 (full 0):
 garbage-first heap   total 89088K, used 68629K [0x0000000084e00000, 0x0000000100000000)
  region size 1024K, 46 young (47104K), 7 survivors (7168K)
 Metaspace       used 32432K, committed 32896K, reserved 1114112K
  class space    used 4128K, committed 4352K, reserved 1048576K
}
Event: 15.236 GC heap after
{Heap after GC invocations=7 (full 0):
 garbage-first heap   total 89088K, used 31099K [0x0000000084e00000, 0x0000000100000000)
  region size 1024K, 4 young (4096K), 4 survivors (4096K)
 Metaspace       used 32432K, committed 32896K, reserved 1114112K
  class space    used 4128K, committed 4352K, reserved 1048576K
}
Event: 17.407 GC heap before
{Heap before GC invocations=7 (full 0):
 garbage-first heap   total 89088K, used 58747K [0x0000000084e00000, 0x0000000100000000)
  region size 1024K, 32 young (32768K), 4 survivors (4096K)
 Metaspace       used 35568K, committed 35968K, reserved 1114112K
  class space    used 4557K, committed 4736K, reserved 1048576K
}
Event: 17.420 GC heap after
{Heap after GC invocations=8 (full 0):
 garbage-first heap   total 89088K, used 33256K [0x0000000084e00000, 0x0000000100000000)
  region size 1024K, 2 young (2048K), 2 survivors (2048K)
 Metaspace       used 35568K, committed 35968K, reserved 1114112K
  class space    used 4557K, committed 4736K, reserved 1048576K
}
Event: 21.062 GC heap before
{Heap before GC invocations=9 (full 0):
 garbage-first heap   total 89088K, used 74216K [0x0000000084e00000, 0x0000000100000000)
  region size 1024K, 42 young (43008K), 2 survivors (2048K)
 Metaspace       used 40577K, committed 41024K, reserved 1114112K
  class space    used 5303K, committed 5504K, reserved 1048576K
}
Event: 21.086 GC heap after
{Heap after GC invocations=10 (full 0):
 garbage-first heap   total 89088K, used 35547K [0x0000000084e00000, 0x0000000100000000)
  region size 1024K, 5 young (5120K), 5 survivors (5120K)
 Metaspace       used 40577K, committed 41024K, reserved 1114112K
  class space    used 5303K, committed 5504K, reserved 1048576K
}
Event: 24.800 GC heap before
{Heap before GC invocations=10 (full 0):
 garbage-first heap   total 89088K, used 75483K [0x0000000084e00000, 0x0000000100000000)
  region size 1024K, 44 young (45056K), 5 survivors (5120K)
 Metaspace       used 46086K, committed 46592K, reserved 1114112K
  class space    used 5983K, committed 6208K, reserved 1048576K
}
Event: 24.841 GC heap after
{Heap after GC invocations=11 (full 0):
 garbage-first heap   total 89088K, used 38391K [0x0000000084e00000, 0x0000000100000000)
  region size 1024K, 6 young (6144K), 6 survivors (6144K)
 Metaspace       used 46086K, committed 46592K, reserved 1114112K
  class space    used 5983K, committed 6208K, reserved 1048576K
}
Event: 27.469 GC heap before
{Heap before GC invocations=11 (full 0):
 garbage-first heap   total 89088K, used 76279K [0x0000000084e00000, 0x0000000100000000)
  region size 1024K, 43 young (44032K), 6 survivors (6144K)
 Metaspace       used 48846K, committed 49408K, reserved 1114112K
  class space    used 6389K, committed 6656K, reserved 1048576K
}
Event: 27.497 GC heap after
{Heap after GC invocations=12 (full 0):
 garbage-first heap   total 107520K, used 41139K [0x0000000084e00000, 0x0000000100000000)
  region size 1024K, 3 young (3072K), 3 survivors (3072K)
 Metaspace       used 48846K, committed 49408K, reserved 1114112K
  class space    used 6389K, committed 6656K, reserved 1048576K
}

Dll operation events (10 events):
Event: 0.024 Loaded shared library C:\Program Files\Java\jdk-21\bin\java.dll
Event: 0.085 Loaded shared library C:\Program Files\Java\jdk-21\bin\jsvml.dll
Event: 0.153 Loaded shared library C:\Program Files\Java\jdk-21\bin\net.dll
Event: 0.165 Loaded shared library C:\Program Files\Java\jdk-21\bin\nio.dll
Event: 0.175 Loaded shared library C:\Program Files\Java\jdk-21\bin\zip.dll
Event: 0.376 Loaded shared library C:\Program Files\Java\jdk-21\bin\management.dll
Event: 0.418 Loaded shared library C:\Program Files\Java\jdk-21\bin\management_ext.dll
Event: 0.532 Loaded shared library C:\Program Files\Java\jdk-21\bin\jimage.dll
Event: 8.930 Loaded shared library C:\Program Files\Java\jdk-21\bin\verify.dll
Event: 11.302 Loaded shared library C:\Program Files\Java\jdk-21\bin\sunmscapi.dll

Deoptimization events (20 events):
Event: 27.363 Thread 0x00000273b8c45c90 Uncommon trap: trap_request=0xffffffc6 fr.pc=0x00000273cb000e10 relative=0x0000000000000310
Event: 27.363 Thread 0x00000273b8c45c90 Uncommon trap: reason=bimorphic_or_optimized_type_check action=maybe_recompile pc=0x00000273cb000e10 method=java.util.regex.Pattern$Slice.match(Ljava/util/regex/Matcher;ILjava/lang/CharSequence;)Z @ 75 c2
Event: 27.363 Thread 0x00000273b8c45c90 DEOPT PACKING pc=0x00000273cb000e10 sp=0x0000008e534f8480
Event: 27.363 Thread 0x00000273b8c45c90 DEOPT UNPACKING pc=0x00000273ca9646a2 sp=0x0000008e534f8400 mode 2
Event: 27.370 Thread 0x00000273b8c45c90 Uncommon trap: trap_request=0xffffff45 fr.pc=0x00000273caff8628 relative=0x00000000000002c8
Event: 27.370 Thread 0x00000273b8c45c90 Uncommon trap: reason=unstable_if action=reinterpret pc=0x00000273caff8628 method=java.io.WinNTFileSystem.prefixLength(Ljava/lang/String;)I @ 42 c2
Event: 27.370 Thread 0x00000273b8c45c90 DEOPT PACKING pc=0x00000273caff8628 sp=0x0000008e534f86c0
Event: 27.370 Thread 0x00000273b8c45c90 DEOPT UNPACKING pc=0x00000273ca9646a2 sp=0x0000008e534f8648 mode 2
Event: 27.468 Thread 0x00000273b8c45c90 Uncommon trap: trap_request=0xffffff45 fr.pc=0x00000273cb259154 relative=0x0000000000001454
Event: 27.468 Thread 0x00000273b8c45c90 Uncommon trap: reason=unstable_if action=reinterpret pc=0x00000273cb259154 method=java.lang.PublicMethods$MethodList.filter([Ljava/lang/reflect/Method;Ljava/lang/String;[Ljava/lang/Class;Z)Ljava/lang/PublicMethods$MethodList; @ 58 c2
Event: 27.468 Thread 0x00000273b8c45c90 DEOPT PACKING pc=0x00000273cb259154 sp=0x0000008e534f9600
Event: 27.468 Thread 0x00000273b8c45c90 DEOPT UNPACKING pc=0x00000273ca9646a2 sp=0x0000008e534f9530 mode 2
Event: 27.498 Thread 0x00000273b8c45c90 Uncommon trap: trap_request=0xffffff45 fr.pc=0x00000273cb245924 relative=0x0000000000000544
Event: 27.498 Thread 0x00000273b8c45c90 Uncommon trap: reason=unstable_if action=reinterpret pc=0x00000273cb245924 method=java.lang.PublicMethods$MethodList.filter([Ljava/lang/reflect/Method;Ljava/lang/String;[Ljava/lang/Class;Z)Ljava/lang/PublicMethods$MethodList; @ 58 c2
Event: 27.498 Thread 0x00000273b8c45c90 DEOPT PACKING pc=0x00000273cb245924 sp=0x0000008e534f9580
Event: 27.498 Thread 0x00000273b8c45c90 DEOPT UNPACKING pc=0x00000273ca9646a2 sp=0x0000008e534f9530 mode 2
Event: 27.732 Thread 0x00000273b8c45c90 Uncommon trap: trap_request=0xffffff45 fr.pc=0x00000273cb0fc0d4 relative=0x0000000000000574
Event: 27.732 Thread 0x00000273b8c45c90 Uncommon trap: reason=unstable_if action=reinterpret pc=0x00000273cb0fc0d4 method=java.util.EnumSet.noneOf(Ljava/lang/Class;)Ljava/util/EnumSet; @ 40 c2
Event: 27.733 Thread 0x00000273b8c45c90 DEOPT PACKING pc=0x00000273cb0fc0d4 sp=0x0000008e534f8980
Event: 27.733 Thread 0x00000273b8c45c90 DEOPT UNPACKING pc=0x00000273ca9646a2 sp=0x0000008e534f8970 mode 2

Classes loaded (20 events):
Event: 27.359 Loading class java/nio/ShortBuffer
Event: 27.361 Loading class java/nio/ShortBuffer done
Event: 27.361 Loading class java/nio/FloatBuffer
Event: 27.361 Loading class java/nio/FloatBuffer done
Event: 27.361 Loading class java/nio/DoubleBuffer
Event: 27.362 Loading class java/nio/DoubleBuffer done
Event: 27.417 Loading class java/util/concurrent/Executors$DelegatedScheduledExecutorService
Event: 27.418 Loading class java/util/concurrent/Executors$DelegatedExecutorService
Event: 27.419 Loading class java/util/concurrent/Executors$DelegatedExecutorService done
Event: 27.419 Loading class java/util/concurrent/Executors$DelegatedScheduledExecutorService done
Event: 27.423 Loading class jdk/jfr/Event
Event: 27.424 Loading class jdk/jfr/Event done
Event: 27.465 Loading class java/util/concurrent/locks/AbstractQueuedSynchronizer$SharedNode
Event: 27.466 Loading class java/util/concurrent/locks/AbstractQueuedSynchronizer$SharedNode done
Event: 27.466 Loading class jdk/internal/event/ThreadSleepEvent
Event: 27.498 Loading class jdk/internal/event/ThreadSleepEvent done
Event: 27.733 Loading class java/util/JumboEnumSet
Event: 27.746 Loading class java/util/JumboEnumSet done
Event: 27.995 Loading class javax/net/ssl/SSLParameters
Event: 28.001 Loading class javax/net/ssl/SSLParameters done

Classes unloaded (0 events):
No events

Classes redefined (0 events):
No events

Internal exceptions (20 events):
Event: 24.001 Thread 0x00000273b8c45c90 Exception <a 'java/lang/ArrayIndexOutOfBoundsException'{0x00000000889ad170}: Index 4 out of bounds for length 4> (0x00000000889ad170) 
thrown [s\open\src\hotspot\share\interpreter\interpreterRuntime.cpp, line 439]
Event: 24.001 Thread 0x00000273b8c45c90 Exception <a 'java/lang/ArrayIndexOutOfBoundsException'{0x00000000889ae208}: Index 4 out of bounds for length 4> (0x00000000889ae208) 
thrown [s\open\src\hotspot\share\interpreter\interpreterRuntime.cpp, line 439]
Event: 24.001 Thread 0x00000273b8c45c90 Exception <a 'java/lang/ArrayIndexOutOfBoundsException'{0x00000000889b6618}: Index 11 out of bounds for length 11> (0x00000000889b6618) 
thrown [s\open\src\hotspot\share\interpreter\interpreterRuntime.cpp, line 439]
Event: 24.001 Thread 0x00000273b8c45c90 Exception <a 'java/lang/ArrayIndexOutOfBoundsException'{0x00000000889b76b0}: Index 11 out of bounds for length 11> (0x00000000889b76b0) 
thrown [s\open\src\hotspot\share\interpreter\interpreterRuntime.cpp, line 439]
Event: 24.010 Thread 0x00000273b8c45c90 Exception <a 'java/lang/ArrayIndexOutOfBoundsException'{0x00000000889f49d8}: Index 4 out of bounds for length 4> (0x00000000889f49d8) 
thrown [s\open\src\hotspot\share\interpreter\interpreterRuntime.cpp, line 439]
Event: 24.010 Thread 0x00000273b8c45c90 Exception <a 'java/lang/ArrayIndexOutOfBoundsException'{0x00000000889f5a70}: Index 4 out of bounds for length 4> (0x00000000889f5a70) 
thrown [s\open\src\hotspot\share\interpreter\interpreterRuntime.cpp, line 439]
Event: 24.013 Thread 0x00000273b8c45c90 Exception <a 'java/lang/ArrayIndexOutOfBoundsException'{0x00000000889fdf80}: Index 11 out of bounds for length 11> (0x00000000889fdf80) 
thrown [s\open\src\hotspot\share\interpreter\interpreterRuntime.cpp, line 439]
Event: 24.013 Thread 0x00000273b8c45c90 Exception <a 'java/lang/ArrayIndexOutOfBoundsException'{0x00000000889ff018}: Index 11 out of bounds for length 11> (0x00000000889ff018) 
thrown [s\open\src\hotspot\share\interpreter\interpreterRuntime.cpp, line 439]
Event: 24.132 Thread 0x00000273b8c45c90 Exception <a 'java/lang/IncompatibleClassChangeError'{0x00000000887966f8}: Found class java.lang.Object, but interface was expected> (0x00000000887966f8) 
thrown [s\open\src\hotspot\share\interpreter\linkResolver.cpp, line 840]
Event: 24.135 Thread 0x00000273b8c45c90 Exception <a 'java/lang/IncompatibleClassChangeError'{0x000000008879ef00}: Found class java.lang.Object, but interface was expected> (0x000000008879ef00) 
thrown [s\open\src\hotspot\share\interpreter\linkResolver.cpp, line 840]
Event: 24.136 Thread 0x00000273b8c45c90 Exception <a 'java/lang/IncompatibleClassChangeError'{0x00000000887a4360}: Found class java.lang.Object, but interface was expected> (0x00000000887a4360) 
thrown [s\open\src\hotspot\share\interpreter\linkResolver.cpp, line 840]
Event: 24.137 Thread 0x00000273b8c45c90 Exception <a 'java/lang/IncompatibleClassChangeError'{0x00000000887a9b68}: Found class java.lang.Object, but interface was expected> (0x00000000887a9b68) 
thrown [s\open\src\hotspot\share\interpreter\linkResolver.cpp, line 840]
Event: 25.210 Thread 0x00000273b8c45c90 Exception <a 'java/lang/NoSuchMethodError'{0x000000008a0590b8}: 'java.lang.Object java.lang.invoke.DirectMethodHandle$Holder.invokeVirtual(java.lang.Object, java.lang.Object, java.lang.Object, java.lang.Object, java.lang.Object)'> (0x000000008a0590b8) 
thrown [s\open\src\hotspot\share\interpreter\linkResolver.cpp, line 773]
Event: 25.292 Thread 0x00000273b8c45c90 Exception <a 'java/lang/NoSuchMethodError'{0x0000000089f7aa70}: 'void java.lang.invoke.DirectMethodHandle$Holder.invokeVirtual(java.lang.Object, java.lang.Object, long)'> (0x0000000089f7aa70) 
thrown [s\open\src\hotspot\share\interpreter\linkResolver.cpp, line 773]
Event: 25.793 Thread 0x00000273b8c45c90 Exception <a 'java/lang/NoSuchMethodError'{0x00000000895ad1b8}: 'void java.lang.invoke.DirectMethodHandle$Holder.invokeSpecial(java.lang.Object, java.lang.Object, java.lang.Object, java.lang.Object, java.lang.Object, java.lang.Object, java.lang.Object)'> (0x00000000895ad1b8) 
thrown [s\open\src\hotspot\share\interpreter\linkResolver.cpp, line 773]
Event: 26.070 Thread 0x00000273b8c45c90 Implicit null exception at 0x00000273cb02a649 to 0x00000273cb02a720
Event: 26.226 Thread 0x00000273b8c45c90 Exception <a 'java/lang/NoSuchMethodError'{0x0000000088eba910}: 'java.lang.Object java.lang.invoke.DirectMethodHandle$Holder.invokeStaticInit(java.lang.Object, java.lang.Object, java.lang.Object, java.lang.Object)'> (0x0000000088eba910) 
thrown [s\open\src\hotspot\share\interpreter\linkResolver.cpp, line 773]
Event: 26.233 Thread 0x00000273b8c45c90 Exception <a 'java/lang/IncompatibleClassChangeError'{0x0000000088ecaed8}: Found class java.lang.Object, but interface was expected> (0x0000000088ecaed8) 
thrown [s\open\src\hotspot\share\interpreter\linkResolver.cpp, line 840]
Event: 26.236 Thread 0x00000273b8c45c90 Exception <a 'java/lang/IncompatibleClassChangeError'{0x0000000088ed7368}: Found class java.lang.Object, but interface was expected> (0x0000000088ed7368) 
thrown [s\open\src\hotspot\share\interpreter\linkResolver.cpp, line 840]
Event: 26.249 Thread 0x00000273b8c45c90 Exception <a 'java/lang/IncompatibleClassChangeError'{0x0000000088effcc8}: Found class java.lang.Object, but interface was expected> (0x0000000088effcc8) 
thrown [s\open\src\hotspot\share\interpreter\linkResolver.cpp, line 840]

ZGC Phase Switch (0 events):
No events

VM Operations (20 events):
Event: 24.323 Executing VM operation: HandshakeAllThreads (Deoptimize)
Event: 24.323 Executing VM operation: HandshakeAllThreads (Deoptimize) done
Event: 24.323 Executing VM operation: Cleanup
Event: 24.324 Executing VM operation: Cleanup done
Event: 24.800 Executing VM operation: G1CollectForAllocation (G1 Evacuation Pause)
Event: 24.841 Executing VM operation: G1CollectForAllocation (G1 Evacuation Pause) done
Event: 25.849 Executing VM operation: Cleanup
Event: 25.850 Executing VM operation: Cleanup done
Event: 26.854 Executing VM operation: Cleanup
Event: 26.855 Executing VM operation: Cleanup done
Event: 27.457 Executing VM operation: HandshakeAllThreads (Deoptimize)
Event: 27.457 Executing VM operation: HandshakeAllThreads (Deoptimize) done
Event: 27.469 Executing VM operation: G1CollectForAllocation (G1 Evacuation Pause)
Event: 27.498 Executing VM operation: G1CollectForAllocation (G1 Evacuation Pause) done
Event: 27.751 Executing VM operation: HandshakeAllThreads (Deoptimize)
Event: 27.751 Executing VM operation: HandshakeAllThreads (Deoptimize) done
Event: 27.756 Executing VM operation: HandshakeAllThreads (Deoptimize)
Event: 27.756 Executing VM operation: HandshakeAllThreads (Deoptimize) done
Event: 28.770 Executing VM operation: Cleanup
Event: 28.770 Executing VM operation: Cleanup done

Events (20 events):
Event: 17.450 Thread 0x00000273d7c00080 flushing nmethod 0x00000273c3870390
Event: 17.450 Thread 0x00000273d7c00080 flushing nmethod 0x00000273c3896810
Event: 17.450 Thread 0x00000273d7c00080 flushing nmethod 0x00000273c38e0110
Event: 17.450 Thread 0x00000273d7c00080 flushing nmethod 0x00000273c38e2d90
Event: 17.450 Thread 0x00000273d7c00080 flushing nmethod 0x00000273c38e5110
Event: 17.450 Thread 0x00000273d7c00080 flushing nmethod 0x00000273c38e6110
Event: 17.450 Thread 0x00000273d7c00080 flushing nmethod 0x00000273c38e6590
Event: 17.450 Thread 0x00000273d7c00080 flushing nmethod 0x00000273c38ff690
Event: 17.450 Thread 0x00000273d7c00080 flushing nmethod 0x00000273c391ad10
Event: 17.450 Thread 0x00000273d7c00080 flushing nmethod 0x00000273c3926390
Event: 17.450 Thread 0x00000273d7c00080 flushing nmethod 0x00000273c3949190
Event: 17.450 Thread 0x00000273d7c00080 flushing nmethod 0x00000273c394e590
Event: 17.450 Thread 0x00000273d7c00080 flushing nmethod 0x00000273c394e990
Event: 17.450 Thread 0x00000273d7c00080 flushing nmethod 0x00000273c394ed10
Event: 17.450 Thread 0x00000273d7c00080 flushing nmethod 0x00000273c3952610
Event: 17.450 Thread 0x00000273d7c00080 flushing nmethod 0x00000273c3953090
Event: 17.450 Thread 0x00000273d7c00080 flushing nmethod 0x00000273c3955c90
Event: 17.450 Thread 0x00000273d7c00080 flushing nmethod 0x00000273c3956c10
Event: 17.450 Thread 0x00000273d7c00080 flushing nmethod 0x00000273c3958510
Event: 27.464 Thread 0x000002741d181b40 Thread added: 0x000002741d181b40


Dynamic libraries:
0x00007ff705260000 - 0x00007ff705270000 	C:\Program Files\Java\jdk-21\bin\java.exe
0x00007fff9ff40000 - 0x00007fffa01a6000 	C:\WINDOWS\SYSTEM32\ntdll.dll
0x00007fff9ed70000 - 0x00007fff9ee39000 	C:\WINDOWS\System32\KERNEL32.DLL
0x00007fff9d860000 - 0x00007fff9dc60000 	C:\WINDOWS\System32\KERNELBASE.dll
0x00007fff9d310000 - 0x00007fff9d45c000 	C:\WINDOWS\System32\ucrtbase.dll
0x00007fff57d40000 - 0x00007fff57d5b000 	C:\Program Files\Java\jdk-21\bin\VCRUNTIME140.dll
0x00007fff493c0000 - 0x00007fff493d9000 	C:\Program Files\Java\jdk-21\bin\jli.dll
0x00007fff9e6a0000 - 0x00007fff9e757000 	C:\WINDOWS\System32\ADVAPI32.dll
0x00007fff9f750000 - 0x00007fff9f7f9000 	C:\WINDOWS\System32\msvcrt.dll
0x00007fff9dd00000 - 0x00007fff9ddaa000 	C:\WINDOWS\System32\sechost.dll
0x00007fff9e270000 - 0x00007fff9e388000 	C:\WINDOWS\System32\RPCRT4.dll
0x00007fff9e090000 - 0x00007fff9e257000 	C:\WINDOWS\System32\USER32.dll
0x00007fff9d2e0000 - 0x00007fff9d307000 	C:\WINDOWS\System32\win32u.dll
0x00007fff9fae0000 - 0x00007fff9fb0b000 	C:\WINDOWS\System32\GDI32.dll
0x00007fff80390000 - 0x00007fff80622000 	C:\WINDOWS\WinSxS\amd64_microsoft.windows.common-controls_6595b64144ccf1df_6.0.26100.8737_none_3e092eaee333b772\COMCTL32.dll
0x00007fff9d730000 - 0x00007fff9d859000 	C:\WINDOWS\System32\gdi32full.dll
0x00007fff9d5f0000 - 0x00007fff9d693000 	C:\WINDOWS\System32\msvcp_win.dll
0x00007fff82580000 - 0x00007fff8258b000 	C:\WINDOWS\SYSTEM32\VERSION.dll
0x00007fff9fb10000 - 0x00007fff9fb42000 	C:\WINDOWS\System32\IMM32.DLL
0x00007fff65a50000 - 0x00007fff65a5c000 	C:\Program Files\Java\jdk-21\bin\vcruntime140_1.dll
0x00007fff1fae0000 - 0x00007fff1fb6e000 	C:\Program Files\Java\jdk-21\bin\msvcp140.dll
0x00007fff6d210000 - 0x00007fff6df2d000 	C:\Program Files\Java\jdk-21\bin\server\jvm.dll
0x00007fff9e000000 - 0x00007fff9e080000 	C:\WINDOWS\System32\WS2_32.dll
0x00007fff9cfc0000 - 0x00007fff9d01e000 	C:\WINDOWS\SYSTEM32\POWRPROF.dll
0x00007fff99590000 - 0x00007fff995c6000 	C:\WINDOWS\SYSTEM32\WINMM.dll
0x00007fff9cfa0000 - 0x00007fff9cfb4000 	C:\WINDOWS\SYSTEM32\UMPDC.dll
0x00007fff9be40000 - 0x00007fff9be5b000 	C:\WINDOWS\SYSTEM32\kernel.appcore.dll
0x00007fff6e600000 - 0x00007fff6e60a000 	C:\Program Files\Java\jdk-21\bin\jimage.dll
0x00007fff9a600000 - 0x00007fff9a842000 	C:\WINDOWS\SYSTEM32\DBGHELP.DLL
0x00007fff9fb70000 - 0x00007fff9fef3000 	C:\WINDOWS\System32\combase.dll
0x00007fff9e500000 - 0x00007fff9e5d9000 	C:\WINDOWS\System32\OLEAUT32.dll
0x00007fff7dbc0000 - 0x00007fff7dbfb000 	C:\WINDOWS\SYSTEM32\dbgcore.DLL
0x00007fff9d220000 - 0x00007fff9d2cc000 	C:\WINDOWS\System32\bcryptPrimitives.dll
0x00007fff6c840000 - 0x00007fff6c85f000 	C:\Program Files\Java\jdk-21\bin\java.dll
0x00007fff9efb0000 - 0x00007fff9f742000 	C:\WINDOWS\System32\SHELL32.dll
0x00007fff9aa50000 - 0x00007fff9b2e2000 	C:\WINDOWS\SYSTEM32\windows.storage.dll
0x00007fff9ec70000 - 0x00007fff9ed67000 	C:\WINDOWS\System32\SHCORE.dll
0x00007fff9df90000 - 0x00007fff9dff7000 	C:\WINDOWS\System32\shlwapi.dll
0x00007fff9d080000 - 0x00007fff9d0a9000 	C:\WINDOWS\SYSTEM32\profapi.dll
0x00007fff6c2f0000 - 0x00007fff6c3c7000 	C:\Program Files\Java\jdk-21\bin\jsvml.dll
0x00007fff6c190000 - 0x00007fff6c1a0000 	C:\Program Files\Java\jdk-21\bin\net.dll
0x00007fff90f20000 - 0x00007fff91049000 	C:\WINDOWS\SYSTEM32\WINHTTP.dll
0x00007fff9c3f0000 - 0x00007fff9c45c000 	C:\WINDOWS\system32\mswsock.dll
0x00007fff6c070000 - 0x00007fff6c086000 	C:\Program Files\Java\jdk-21\bin\nio.dll
0x00007fff6c050000 - 0x00007fff6c068000 	C:\Program Files\Java\jdk-21\bin\zip.dll
0x00007fff6fa30000 - 0x00007fff6fa3a000 	C:\Program Files\Java\jdk-21\bin\management.dll
0x00007fff6fa20000 - 0x00007fff6fa2b000 	C:\Program Files\Java\jdk-21\bin\management_ext.dll
0x00007fff9dde0000 - 0x00007fff9dde8000 	C:\WINDOWS\System32\PSAPI.DLL
0x00007fff9b820000 - 0x00007fff9b853000 	C:\WINDOWS\SYSTEM32\IPHLPAPI.DLL
0x00007fff9e4a0000 - 0x00007fff9e4aa000 	C:\WINDOWS\System32\NSI.dll
0x00007fff9b8c0000 - 0x00007fff9ba15000 	C:\WINDOWS\SYSTEM32\DNSAPI.dll
0x00007fff9c1d0000 - 0x00007fff9c1dd000 	C:\WINDOWS\SYSTEM32\DSPARSE.dll
0x00007fff65130000 - 0x00007fff65140000 	C:\Program Files\Java\jdk-21\bin\verify.dll
0x00007fff5d3e0000 - 0x00007fff5d3ee000 	C:\Program Files\Java\jdk-21\bin\sunmscapi.dll
0x00007fff9d470000 - 0x00007fff9d5e8000 	C:\WINDOWS\System32\CRYPT32.dll
0x00007fff9c930000 - 0x00007fff9c960000 	C:\WINDOWS\SYSTEM32\ncrypt.dll
0x00007fff9c8e0000 - 0x00007fff9c91f000 	C:\WINDOWS\SYSTEM32\NTASN1.dll
0x00007fff91050000 - 0x00007fff9105b000 	C:\Windows\System32\rasadhlp.dll
0x00007fff92c00000 - 0x00007fff92c86000 	C:\WINDOWS\System32\fwpuclnt.dll

dbghelp: loaded successfully - version: 4.0.5 - missing functions: none
symbol engine: initialized successfully - sym options: 0x614 - pdb path: .;C:\Program Files\Java\jdk-21\bin;C:\WINDOWS\SYSTEM32;C:\WINDOWS\WinSxS\amd64_microsoft.windows.common-controls_6595b64144ccf1df_6.0.26100.8737_none_3e092eaee333b772;C:\Program Files\Java\jdk-21\bin\server

VM Arguments:
java_command: C:\Users\ambar\AppData\Local\Temp\surefire5582114731967335171\surefirebooter-20260714115927610_3.jar C:\Users\ambar\AppData\Local\Temp\surefire5582114731967335171 2026-07-14T11-59-26_409-jvmRun1 surefire-20260714115927610_1tmp surefire_0-20260714115927610_2tmp
java_class_path (initial): C:\Users\ambar\AppData\Local\Temp\surefire5582114731967335171\surefirebooter-20260714115927610_3.jar
Launcher Type: SUN_STANDARD

[Global flags]
     intx CICompilerCount                          = 4                                         {product} {ergonomic}
     uint ConcGCThreads                            = 3                                         {product} {ergonomic}
     uint G1ConcRefinementThreads                  = 10                                        {product} {ergonomic}
   size_t G1HeapRegionSize                         = 1048576                                   {product} {ergonomic}
    uintx GCDrainStackTargetSize                   = 64                                        {product} {ergonomic}
   size_t InitialHeapSize                          = 130023424                                 {product} {ergonomic}
   size_t MarkStackSize                            = 4194304                                   {product} {ergonomic}
   size_t MaxHeapSize                              = 2065694720                                {product} {ergonomic}
   size_t MaxNewSize                               = 1239416832                                {product} {ergonomic}
   size_t MinHeapDeltaBytes                        = 1048576                                   {product} {ergonomic}
   size_t MinHeapSize                              = 8388608                                   {product} {ergonomic}
    uintx NonNMethodCodeHeapSize                   = 5839372                                {pd product} {ergonomic}
    uintx NonProfiledCodeHeapSize                  = 122909434                              {pd product} {ergonomic}
    uintx ProfiledCodeHeapSize                     = 122909434                              {pd product} {ergonomic}
    uintx ReservedCodeCacheSize                    = 251658240                              {pd product} {ergonomic}
     bool SegmentedCodeCache                       = true                                      {product} {ergonomic}
   size_t SoftMaxHeapSize                          = 2065694720                             {manageable} {ergonomic}
     bool UseCompressedOops                        = true                           {product lp64_product} {ergonomic}
     bool UseG1GC                                  = true                                      {product} {ergonomic}
     bool UseLargePagesIndividualAllocation        = false                                  {pd product} {ergonomic}

Logging:
Log output configuration:
 #0: stdout all=warning uptime,level,tags foldmultilines=false
 #1: stderr all=off uptime,level,tags foldmultilines=false

Environment Variables:
JAVA_HOME=C:\Program Files\Java\jdk-21
PATH=C:\oracle21c\dbhome\bin;C:\Windows\System32;C:\WINDOWS\system32;C:\WINDOWS;C:\WINDOWS\System32\Wbem;C:\WINDOWS\System32\WindowsPowerShell\v1.0\;C:\WINDOWS\System32\OpenSSH\;C:\Program Files\dotnet\;C:\Program Files\MySQL\MySQL Server 8.0\bin;C:\Program Files\Docker\Docker\resources\bin;C:\Program Files\Git\cmd;C:\Program Files\PowerShell\7\;C:\oracle21c\dbhome\bin;C:\Windows\System32;C:\WINDOWS\system32;C:\WINDOWS;C:\WINDOWS\System32\Wbem;C:\WINDOWS\System32\WindowsPowerShell\v1.0\;C:\WINDOWS\System32\OpenSSH\;C:\Program Files\dotnet\;C:\Program Files\MySQL\MySQL Server 8.0\bin;C:\Program Files\Docker\Docker\resources\bin;C:\Program Files\PowerShell\7\;C:\Program Files\Git\cmd;C:/Users/ambar/OneDrive/Desktop/my folder/sts/sts-5.0.1.RELEASE//plugins/org.eclipse.justj.openjdk.hotspot.jre.full.win32.x86_64_25.0.1.v20251108-1451/jre/bin/server;C:/Users/ambar/OneDrive/Desktop/my folder/sts/sts-5.0.1.RELEASE//plugins/org.eclipse.justj.openjdk.hotspot.jre.full.win32.x86_64_25.0.1.v20251108-1451/jre/bin;C:\oracle21c\dbhome\bin;C:\Windows\System32;C:\WINDOWS\system32;C:\WINDOWS;C:\WINDOWS\System32\Wbem;C:\WINDOWS\System32\WindowsPowerShell\v1.0\;C:\WINDOWS\System32\OpenSSH\;C:\Program Files\dotnet\;C:\Program Files\MySQL\MySQL Server 8.0\bin;C:\Program Files\Docker\Docker\resources\bin;C:\Program Files\PowerShell\7\;C:\Program Files\Git\cmd;C:\Program Fi;C:\Users\ambar\AppData\Local\Microsoft\WinGet\Packages\infisical.infisical_Microsoft.Winget.Source_8wekyb3d8bbwe;C:\Program Files\nodejs\;C:\Users\ambar\AppData\Local\Programs\cursor\resources\app\bin;C:\Users\ambar\AppData\Local\Programs\Microsoft VS Code\bin
USERNAME=ambar
OS=Windows_NT
PROCESSOR_IDENTIFIER=Intel64 Family 6 Model 154 Stepping 4, GenuineIntel
TMP=C:\Users\ambar\AppData\Local\Temp
TEMP=C:\Users\ambar\AppData\Local\Temp




Periodic native trim disabled

---------------  S Y S T E M  ---------------

OS:
 Windows 11 , 64 bit Build 26100 (10.0.26100.8737)
OS uptime: 7 days 20:19 hours
Hyper-V role detected

CPU: total 12 (initial active 12) (6 cores per cpu, 2 threads per core) family 6 model 154 stepping 4 microcode 0x43b, cx8, cmov, fxsr, ht, mmx, 3dnowpref, sse, sse2, sse3, ssse3, sse4.1, sse4.2, popcnt, lzcnt, tsc, tscinvbit, avx, avx2, aes, erms, clmul, bmi1, bmi2, adx, sha, fma, vzeroupper, clflush, clflushopt, clwb, hv, serialize, rdtscp, rdpid, fsrm, f16c, cet_ibt, cet_ss
Processor Information for all 12 processors :
  Max Mhz: 1300, Current Mhz: 1300, Mhz Limit: 1300

Memory: 4k page, system-wide physical 7876M (637M free)
TotalPageFile size 32452M (AvailPageFile size 31M)
current process WorkingSet (physical memory assigned to process): 209M, peak: 220M
current process commit charge ("private bytes"): 317M, peak: 317M

vm_info: Java HotSpot(TM) 64-Bit Server VM (21.0.8+12-LTS-250) for windows-amd64 JRE (21.0.8+12-LTS-250), built on 2025-06-27T08:11:22Z by "mach5one" with MS VC++ 17.6 (VS2022)

END.
